2011-06-05 17:24:37 Notice: Notice (1024): Please change the value of 'Security.salt' in app/config/core.php to a salt value specific to your application in [/home/nuku/Documents/PJ/SCHOOL SMS APPLICATION/ISMS/isms/cake/libs/debugger.php, line 684]
2011-06-05 17:24:37 Notice: Notice (1024): Please change the value of 'Security.cipherSeed' in app/config/core.php to a numeric (digits only) seed value specific to your application in [/home/nuku/Documents/PJ/SCHOOL SMS APPLICATION/ISMS/isms/cake/libs/debugger.php, line 688]
2011-06-05 23:14:00 Notice: Notice (8): Undefined property: AppController::$User in [/home/nuku/Documents/PJ/SCHOOL SMS APPLICATION/ISMS/isms/app/controllers/app_controller.php, line 24]
2011-06-06 00:13:07 Notice: Notice (8): Undefined index: username in [/home/nuku/Documents/PJ/SCHOOL SMS APPLICATION/ISMS/isms/app/controllers/app_controller.php, line 35]
2011-06-06 00:13:07 Notice: Notice (8): Undefined index: password in [/home/nuku/Documents/PJ/SCHOOL SMS APPLICATION/ISMS/isms/app/controllers/app_controller.php, line 35]
2011-06-06 00:35:09 Notice: Notice (8): Undefined index: User in [/home/nuku/Documents/PJ/SCHOOL SMS APPLICATION/ISMS/isms/app/controllers/app_controller.php, line 41]
2011-06-06 00:45:52 Notice: Notice (8): Use of undefined constant recursive - assumed 'recursive' in [/home/nuku/Documents/PJ/SCHOOL SMS APPLICATION/ISMS/isms/app/models/user.php, line 15]
2011-06-06 01:55:46 Notice: Notice (8): session_start() [http://php.net/function.session-start]: ps_files_cleanup_dir: opendir(/var/lib/php5) failed: Permission denied (13) in [/home/nuku/Documents/PJ/SCHOOL SMS APPLICATION/ISMS/isms/cake/libs/cake_session.php, line 588]
2011-06-06 02:19:57 Notice: Notice (8): Undefined variable: userdata in [/home/nuku/Documents/PJ/SCHOOL SMS APPLICATION/ISMS/isms/app/views/layouts/dashboard_layout.ctp, line 17]
2011-06-06 02:21:11 Notice: Notice (8): Undefined variable: userdata in [/home/nuku/Documents/PJ/SCHOOL SMS APPLICATION/ISMS/isms/app/views/layouts/dashboard_layout.ctp, line 17]
2011-06-06 02:21:58 Notice: Notice (8): Undefined variable: userdata in [/home/nuku/Documents/PJ/SCHOOL SMS APPLICATION/ISMS/isms/app/views/layouts/dashboard_layout.ctp, line 17]
2011-06-06 02:22:02 Notice: Notice (8): Undefined variable: userdata in [/home/nuku/Documents/PJ/SCHOOL SMS APPLICATION/ISMS/isms/app/views/layouts/dashboard_layout.ctp, line 17]
2011-06-07 13:00:57 Notice: Notice (8): Undefined variable: layout_title in [/home/nuku/Documents/PJ/SCHOOL SMS APPLICATION/ISMS/isms/app/views/layouts/dashboard_layout.ctp, line 176]
2011-06-07 13:04:31 Notice: Notice (8): Undefined variable: layout_title in [/home/nuku/Documents/PJ/SCHOOL SMS APPLICATION/ISMS/isms/app/views/layouts/dashboard_layout.ctp, line 176]
2011-06-14 16:08:32 Notice: Notice (8): Undefined index: username in [/home/nuku/Documents/PJ/SCHOOL SMS APPLICATION/ISMS/isms/app/controllers/app_controller.php, line 39]
2011-06-14 16:08:32 Notice: Notice (8): Undefined index: password in [/home/nuku/Documents/PJ/SCHOOL SMS APPLICATION/ISMS/isms/app/controllers/app_controller.php, line 39]
2011-06-14 16:08:36 Notice: Notice (8): Undefined index: username in [/home/nuku/Documents/PJ/SCHOOL SMS APPLICATION/ISMS/isms/app/controllers/app_controller.php, line 39]
2011-06-14 16:08:36 Notice: Notice (8): Undefined index: password in [/home/nuku/Documents/PJ/SCHOOL SMS APPLICATION/ISMS/isms/app/controllers/app_controller.php, line 39]
2011-06-14 16:08:41 Notice: Notice (8): Undefined index: username in [/home/nuku/Documents/PJ/SCHOOL SMS APPLICATION/ISMS/isms/app/controllers/app_controller.php, line 39]
2011-06-14 16:08:41 Notice: Notice (8): Undefined index: password in [/home/nuku/Documents/PJ/SCHOOL SMS APPLICATION/ISMS/isms/app/controllers/app_controller.php, line 39]
2011-06-14 16:51:10 Notice: Notice (8): Undefined property: ReceptionController::$States in [/home/nuku/Documents/PJ/SCHOOL SMS APPLICATION/ISMS/isms/app/controllers/reception_controller.php, line 29]
2011-06-14 16:53:43 Notice: Notice (8): Undefined variable: debug in [/home/nuku/Documents/PJ/SCHOOL SMS APPLICATION/ISMS/isms/app/controllers/reception_controller.php, line 30]
2011-11-03 18:28:39 Notice: Notice (8): session_start() [http://php.net/function.session-start]: ps_files_cleanup_dir: opendir(/var/lib/php5) failed: Permission denied (13) in [/home/nuku/Documents/PJ/SCHOOL SMS APPLICATION/ISMS/isms/cake/libs/cake_session.php, line 584]
2011-12-08 00:27:16 Notice: Notice (8): Undefined variable: userdata in [/Library/WebServer/Documents/isms/app/views/layouts/dashboard_layout.ctp, line 22]
2011-12-08 00:34:58 Notice: Notice (8): Undefined variable: userdata in [/Library/WebServer/Documents/isms/app/views/layouts/dashboard_layout.ctp, line 22]
2011-12-08 01:11:42 Notice: Notice (8): Undefined variable: userdata in [/Library/WebServer/Documents/isms/app/views/layouts/dashboard_layout.ctp, line 22]
2011-12-08 16:38:09 Notice: Notice (8): Undefined variable: userdata in [/Library/WebServer/Documents/isms/app/views/layouts/dashboard_layout.ctp, line 22]
2011-12-08 18:03:02 Notice: Notice (8): Undefined variable: userdata in [/Library/WebServer/Documents/isms/app/views/layouts/dashboard_layout.ctp, line 22]
2012-01-11 15:29:25 Notice: Notice (8): Undefined variable: userdata in [/Library/WebServer/Documents/isms/app/views/layouts/dashboard_layout.ctp, line 22]
2012-01-11 15:29:59 Notice: Notice (8): Undefined variable: userdata in [/Library/WebServer/Documents/isms/app/views/layouts/dashboard_layout.ctp, line 22]
2012-01-11 15:47:42 Notice: Notice (8): Undefined variable: userdata in [/Library/WebServer/Documents/isms/app/views/layouts/dashboard_layout.ctp, line 22]
2012-01-11 15:47:44 Notice: Notice (8): Undefined variable: userdata in [/Library/WebServer/Documents/isms/app/views/layouts/dashboard_layout.ctp, line 22]
2012-01-11 19:16:04 Notice: Notice (8): Undefined variable: userdata in [/Library/WebServer/Documents/isms/app/views/layouts/dashboard_layout.ctp, line 22]
2012-01-11 19:22:51 Notice: Notice (8): Undefined variable: userdata in [/Library/WebServer/Documents/isms/app/views/layouts/dashboard_layout.ctp, line 22]
2012-01-27 16:16:32 Notice: Notice (8): Undefined variable: userdata in [/Library/WebServer/Documents/isms/app/views/layouts/dashboard_layout.ctp, line 22]
2012-01-27 16:28:21 Notice: Notice (8): Undefined variable: userdata in [/Library/WebServer/Documents/isms/app/views/layouts/dashboard_layout.ctp, line 22]
2012-01-27 16:28:22 Notice: Notice (8): Undefined variable: userdata in [/Library/WebServer/Documents/isms/app/views/layouts/dashboard_layout.ctp, line 22]
2012-01-30 18:52:59 Notice: Notice (8): Undefined property: User::$Session in [/Library/WebServer/Documents/kokromoti/app/models/user.php, line 29]
2012-01-30 19:23:44 Notice: Notice (8): Undefined variable: userdata in [/Library/WebServer/Documents/kokromoti/app/views/layouts/dashboard_layout.ctp, line 21]
2012-02-13 01:56:21 Notice: Notice (8): Undefined variable: layout_title in [/Library/WebServer/Documents/kokromoti/app/views/layouts/dashboard_layout.ctp, line 116]
2012-08-31 16:25:14 Debug: Notice (8): Undefined variable: parties in [C:\wamp\www\mticket\app\views\reception\view_events.ctp, line 63]
2012-08-31 16:25:14 Debug: Notice (8): Undefined variable: layout_title in [C:\wamp\www\mticket\app\views\layouts\dashboard_layout.ctp, line 116]
2012-08-31 16:26:55 Debug: Notice (8): Undefined variable: parties in [C:\wamp\www\mticket\app\views\reception\view_events.ctp, line 63]
2012-08-31 16:27:00 Debug: Notice (8): Undefined variable: parties in [C:\wamp\www\mticket\app\views\reception\view_events.ctp, line 63]
2012-08-31 17:23:11 Debug: Notice (8): Undefined property: ReceptionController::$Batch in [C:\wamp\www\mticket\app\controllers\reception_controller.php, line 46]
2012-08-31 17:25:25 Debug: Notice (8): Undefined variable: batch in [C:\wamp\www\mticket\app\views\reception\view_batches.ctp, line 66]
2012-09-02 09:47:26 Debug: Notice (8): A non well formed numeric value encountered in [C:\wamp\www\mticket\app\views\reception\view_events.ctp, line 83]
2012-09-02 09:47:51 Debug: Notice (8): A non well formed numeric value encountered in [C:\wamp\www\mticket\app\views\reception\view_events.ctp, line 83]
2012-09-07 00:21:36 Debug: Notice (8): Undefined variable: events in [C:\wamp\www\mticket\app\views\reception\add_event.ctp, line 66]
2012-09-07 00:21:37 Debug: Notice (8): Undefined variable: layout_title in [C:\wamp\www\mticket\app\views\layouts\dashboard_layout.ctp, line 116]
2012-09-07 00:28:07 Debug: Notice (8): Undefined variable: events in [C:\wamp\www\mticket\app\views\reception\add_event.ctp, line 66]
2012-09-07 00:28:07 Debug: Notice (8): Undefined variable: layout_title in [C:\wamp\www\mticket\app\views\layouts\dashboard_layout.ctp, line 116]
2012-09-07 00:28:32 Debug: Notice (8): Undefined variable: events in [C:\wamp\www\mticket\app\views\reception\add_event.ctp, line 66]
2012-09-07 00:28:33 Debug: Notice (8): Undefined variable: layout_title in [C:\wamp\www\mticket\app\views\layouts\dashboard_layout.ctp, line 116]
2012-09-07 00:29:58 Debug: Notice (8): Undefined variable: events in [C:\wamp\www\mticket\app\views\reception\add_event.ctp, line 66]
2012-09-07 00:31:05 Debug: Notice (8): Undefined variable: events in [C:\wamp\www\mticket\app\views\reception\add_event.ctp, line 66]
2012-09-07 03:10:14 Debug: Notice (8): Undefined variable: layout_title in [C:\wamp\www\mticket\app\views\layouts\dashboard_layout.ctp, line 121]
2012-09-07 03:10:28 Debug: Notice (8): Undefined variable: layout_title in [C:\wamp\www\mticket\app\views\layouts\dashboard_layout.ctp, line 121]
2012-09-08 01:16:54 Debug: Notice (8): Undefined property: ReceptionController::$RequestHandler in [C:\wamp\www\mticket\app\controllers\reception_controller.php, line 58]
2012-09-08 03:49:08 Debug: Notice (8): Undefined variable: event_date in [C:\wamp\www\mticket\app\controllers\reception_controller.php, line 49]
2012-10-30 05:14:21 Debug: Notice (8): Undefined variable: layout_title in [C:\wamp\www\mticket\app\views\layouts\dashboard_layout.ctp, line 122]
2013-01-10 02:58:01 Debug: Notice (8): Undefined index: id in [C:\wamp\www\mticket\app\controllers\reception_controller.php, line 51]
2013-01-10 06:30:35 Debug: Notice (8): Undefined variable: layout_title in [C:\wamp\www\mticket\app\views\layouts\dashboard_layout.ctp, line 115]
2013-01-10 06:30:37 Debug: Notice (8): Undefined variable: layout_title in [C:\wamp\www\mticket\app\views\layouts\dashboard_layout.ctp, line 115]
2013-01-10 06:30:38 Debug: Notice (8): Undefined variable: layout_title in [C:\wamp\www\mticket\app\views\layouts\dashboard_layout.ctp, line 115]
2013-01-10 06:30:39 Debug: Notice (8): Undefined variable: layout_title in [C:\wamp\www\mticket\app\views\layouts\dashboard_layout.ctp, line 115]
2013-01-10 06:30:40 Debug: Notice (8): Undefined variable: layout_title in [C:\wamp\www\mticket\app\views\layouts\dashboard_layout.ctp, line 115]
2013-01-10 06:30:41 Debug: Notice (8): Undefined variable: layout_title in [C:\wamp\www\mticket\app\views\layouts\dashboard_layout.ctp, line 115]
2013-01-10 06:30:41 Debug: Notice (8): Undefined variable: layout_title in [C:\wamp\www\mticket\app\views\layouts\dashboard_layout.ctp, line 115]
2013-01-10 06:30:42 Debug: Notice (8): Undefined variable: layout_title in [C:\wamp\www\mticket\app\views\layouts\dashboard_layout.ctp, line 115]
2013-01-10 06:30:43 Debug: Notice (8): Undefined variable: layout_title in [C:\wamp\www\mticket\app\views\layouts\dashboard_layout.ctp, line 115]
2013-01-10 06:30:44 Debug: Notice (8): Undefined variable: layout_title in [C:\wamp\www\mticket\app\views\layouts\dashboard_layout.ctp, line 115]
2013-01-10 06:30:44 Debug: Notice (8): Undefined variable: layout_title in [C:\wamp\www\mticket\app\views\layouts\dashboard_layout.ctp, line 115]
2013-01-10 06:30:46 Debug: Notice (8): Undefined variable: layout_title in [C:\wamp\www\mticket\app\views\layouts\dashboard_layout.ctp, line 115]
2013-01-10 06:30:47 Debug: Notice (8): Undefined variable: layout_title in [C:\wamp\www\mticket\app\views\layouts\dashboard_layout.ctp, line 115]
2013-01-10 06:30:47 Debug: Notice (8): Undefined variable: layout_title in [C:\wamp\www\mticket\app\views\layouts\dashboard_layout.ctp, line 115]
2013-01-10 06:30:48 Debug: Notice (8): Undefined variable: layout_title in [C:\wamp\www\mticket\app\views\layouts\dashboard_layout.ctp, line 115]
2013-01-10 06:30:49 Debug: Notice (8): Undefined variable: layout_title in [C:\wamp\www\mticket\app\views\layouts\dashboard_layout.ctp, line 115]
2013-01-10 06:30:50 Debug: Notice (8): Undefined variable: layout_title in [C:\wamp\www\mticket\app\views\layouts\dashboard_layout.ctp, line 115]
2013-01-10 06:30:51 Debug: Notice (8): Undefined variable: layout_title in [C:\wamp\www\mticket\app\views\layouts\dashboard_layout.ctp, line 115]
2013-01-10 06:30:52 Debug: Notice (8): Undefined variable: layout_title in [C:\wamp\www\mticket\app\views\layouts\dashboard_layout.ctp, line 115]
2013-01-10 06:30:52 Debug: Notice (8): Undefined variable: layout_title in [C:\wamp\www\mticket\app\views\layouts\dashboard_layout.ctp, line 115]
2013-01-10 06:30:53 Debug: Notice (8): Undefined variable: layout_title in [C:\wamp\www\mticket\app\views\layouts\dashboard_layout.ctp, line 115]
2013-01-10 06:30:54 Debug: Notice (8): Undefined variable: layout_title in [C:\wamp\www\mticket\app\views\layouts\dashboard_layout.ctp, line 115]
2013-01-10 06:30:55 Debug: Notice (8): Undefined variable: layout_title in [C:\wamp\www\mticket\app\views\layouts\dashboard_layout.ctp, line 115]
2013-01-10 06:30:55 Debug: Notice (8): Undefined variable: layout_title in [C:\wamp\www\mticket\app\views\layouts\dashboard_layout.ctp, line 115]
2013-01-10 06:30:56 Debug: Notice (8): Undefined variable: layout_title in [C:\wamp\www\mticket\app\views\layouts\dashboard_layout.ctp, line 115]
2013-01-10 06:30:57 Debug: Notice (8): Undefined variable: layout_title in [C:\wamp\www\mticket\app\views\layouts\dashboard_layout.ctp, line 115]
2013-01-10 06:30:58 Debug: Notice (8): Undefined variable: layout_title in [C:\wamp\www\mticket\app\views\layouts\dashboard_layout.ctp, line 115]
2013-01-10 06:30:59 Debug: Notice (8): Undefined variable: layout_title in [C:\wamp\www\mticket\app\views\layouts\dashboard_layout.ctp, line 115]
2013-01-10 06:31:00 Debug: Notice (8): Undefined variable: layout_title in [C:\wamp\www\mticket\app\views\layouts\dashboard_layout.ctp, line 115]
2013-01-10 06:31:01 Debug: Notice (8): Undefined variable: layout_title in [C:\wamp\www\mticket\app\views\layouts\dashboard_layout.ctp, line 115]
2013-01-10 06:31:01 Debug: Notice (8): Undefined variable: layout_title in [C:\wamp\www\mticket\app\views\layouts\dashboard_layout.ctp, line 115]
2013-01-10 06:31:13 Debug: Notice (8): Undefined variable: layout_title in [C:\wamp\www\mticket\app\views\layouts\dashboard_layout.ctp, line 115]
2013-01-10 06:31:15 Debug: Notice (8): Undefined variable: layout_title in [C:\wamp\www\mticket\app\views\layouts\dashboard_layout.ctp, line 115]
2013-01-10 06:31:58 Debug: Notice (8): Undefined variable: layout_title in [C:\wamp\www\mticket\app\views\layouts\dashboard_layout.ctp, line 115]
2013-01-10 06:31:59 Debug: Notice (8): Undefined variable: layout_title in [C:\wamp\www\mticket\app\views\layouts\dashboard_layout.ctp, line 115]
2013-01-10 06:32:17 Debug: Notice (8): Undefined variable: layout_title in [C:\wamp\www\mticket\app\views\layouts\dashboard_layout.ctp, line 115]
2013-01-10 06:32:18 Debug: Notice (8): Undefined variable: layout_title in [C:\wamp\www\mticket\app\views\layouts\dashboard_layout.ctp, line 115]
2013-01-10 06:33:03 Debug: Notice (8): Undefined variable: layout_title in [C:\wamp\www\mticket\app\views\layouts\dashboard_layout.ctp, line 115]
2013-01-10 06:33:10 Debug: Notice (8): Undefined variable: layout_title in [C:\wamp\www\mticket\app\views\layouts\dashboard_layout.ctp, line 115]
2013-01-30 02:06:29 Debug: Notice (8): Undefined variable: event in [C:\wamp\www\mticket\app\views\reception\add_batch.ctp, line 19]
2013-01-30 03:22:27 Debug: Notice (8): Undefined variable: events in [C:\wamp\www\mticket\app\views\reception\add_batch.ctp, line 8]
2013-01-30 03:23:15 Debug: Notice (8): Undefined variable: events in [C:\wamp\www\mticket\app\views\reception\add_batch.ctp, line 8]
2013-01-30 03:25:20 Debug: Notice (8): Undefined variable: events in [C:\wamp\www\mticket\app\views\reception\add_batch.ctp, line 8]
2013-02-03 14:37:55 Debug: Notice (8): Undefined index: batch_event_id in [C:\wamp\www\mticket\app\controllers\reception_controller.php, line 100]
2013-02-03 14:37:55 Debug: Notice (8): Undefined index: batch_ticket_number in [C:\wamp\www\mticket\app\controllers\reception_controller.php, line 102]
2013-02-03 14:37:55 Debug: Notice (8): Undefined variable: Ticket in [C:\wamp\www\mticket\app\controllers\reception_controller.php, line 80]
2013-02-03 14:41:11 Debug: Notice (8): Undefined variable: Ticket in [C:\wamp\www\mticket\app\controllers\reception_controller.php, line 80]
2013-02-03 15:12:16 Debug: Notice (8): Array to string conversion in [C:\wamp\www\mticket\cake\libs\model\datasources\dbo_source.php, line 746]
2013-02-03 15:15:44 Debug: Notice (8): Array to string conversion in [C:\wamp\www\mticket\cake\libs\model\datasources\dbo_source.php, line 746]
2013-02-03 15:20:12 Debug: Notice (8): Array to string conversion in [C:\wamp\www\mticket\cake\libs\model\datasources\dbo_source.php, line 746]
2013-02-03 15:20:12 Debug: Notice (8): Undefined variable: events in [C:\wamp\www\mticket\app\views\reception\add_batch.ctp, line 31]
2013-02-03 15:22:43 Debug: Notice (8): Undefined variable: events in [C:\wamp\www\mticket\app\views\reception\add_batch.ctp, line 31]
2013-02-05 13:21:03 Debug: Notice (8): Undefined variable: layout_title in [C:\wamp\www\mticket\app\views\layouts\dashboard_layout.ctp, line 115]
2013-02-05 13:21:44 Debug: Notice (8): Undefined variable: layout_title in [C:\wamp\www\mticket\app\views\layouts\dashboard_layout.ctp, line 115]
2013-02-05 13:21:48 Debug: Notice (8): Undefined variable: layout_title in [C:\wamp\www\mticket\app\views\layouts\dashboard_layout.ctp, line 115]
2013-02-05 14:47:20 Debug: Notice (8): Undefined index: Ticket in [C:\wamp\www\mticket\app\controllers\reception_controller.php, line 113]
2013-02-05 14:47:20 Debug: Notice (8): Undefined index: Event in [C:\wamp\www\mticket\app\controllers\reception_controller.php, line 113]
2013-02-05 14:47:20 Debug: Notice (8): Undefined index: Event in [C:\wamp\www\mticket\app\controllers\reception_controller.php, line 114]
2013-02-05 14:48:04 Debug: Notice (8): Undefined index: Event in [C:\wamp\www\mticket\app\controllers\reception_controller.php, line 113]
2013-02-05 14:48:37 Debug: Notice (8): Undefined index: Event in [C:\wamp\www\mticket\app\controllers\reception_controller.php, line 113]
2013-02-05 14:49:32 Debug: Notice (8): Undefined index: Event in [C:\wamp\www\mticket\app\controllers\reception_controller.php, line 114]
2013-02-05 14:50:46 Debug: Notice (8): Undefined index: Event in [C:\wamp\www\mticket\app\controllers\reception_controller.php, line 115]
2013-02-05 14:51:07 Debug: Notice (8): Undefined index: Event in [C:\wamp\www\mticket\app\controllers\reception_controller.php, line 114]
2013-02-05 14:51:35 Debug: Notice (8): Undefined index: Event in [C:\wamp\www\mticket\app\controllers\reception_controller.php, line 115]
2013-02-05 14:52:13 Debug: Notice (8): Undefined index: Event in [C:\wamp\www\mticket\app\controllers\reception_controller.php, line 115]
2013-02-05 23:02:02 Debug: Notice (8): Undefined variable: events in [C:\wamp\www\mticket\app\views\reception\view_eventsaleslist.ctp, line 35]
2013-02-05 23:02:03 Debug: Notice (8): Undefined variable: layout_title in [C:\wamp\www\mticket\app\views\layouts\dashboard_layout.ctp, line 115]
2013-02-05 23:02:30 Debug: Notice (8): Undefined variable: layout_title in [C:\wamp\www\mticket\app\views\layouts\dashboard_layout.ctp, line 115]
2013-02-05 23:06:36 Debug: Notice (8): Undefined variable: layout_title in [C:\wamp\www\mticket\app\views\layouts\dashboard_layout.ctp, line 115]
2013-02-05 23:07:35 Debug: Notice (8): Undefined variable: layout_title in [C:\wamp\www\mticket\app\views\layouts\dashboard_layout.ctp, line 115]
2013-02-05 23:08:41 Debug: Notice (8): Undefined variable: layout_title in [C:\wamp\www\mticket\app\views\layouts\dashboard_layout.ctp, line 115]
2013-02-05 23:10:14 Debug: Notice (8): Undefined variable: layout_title in [C:\wamp\www\mticket\app\views\layouts\dashboard_layout.ctp, line 115]
2013-02-05 23:15:16 Debug: Notice (8): Undefined variable: layout_title in [C:\wamp\www\mticket\app\views\layouts\dashboard_layout.ctp, line 115]
2013-02-05 23:16:32 Debug: Notice (8): Undefined variable: layout_title in [C:\wamp\www\mticket\app\views\layouts\dashboard_layout.ctp, line 115]
2013-02-05 23:16:53 Debug: Notice (8): Undefined variable: layout_title in [C:\wamp\www\mticket\app\views\layouts\dashboard_layout.ctp, line 115]
2013-02-05 23:17:26 Debug: Notice (8): Undefined variable: layout_title in [C:\wamp\www\mticket\app\views\layouts\dashboard_layout.ctp, line 115]
2013-02-05 23:18:45 Debug: Notice (8): Undefined variable: layout_title in [C:\wamp\www\mticket\app\views\layouts\dashboard_layout.ctp, line 115]
2013-02-05 23:26:25 Debug: Notice (8): Undefined variable: layout_title in [C:\wamp\www\mticket\app\views\layouts\dashboard_layout.ctp, line 115]
2013-02-05 23:26:56 Debug: Notice (8): Undefined variable: layout_title in [C:\wamp\www\mticket\app\views\layouts\dashboard_layout.ctp, line 115]
2013-02-06 00:37:08 Debug: Notice (8): Undefined index: ticket_unsold in [C:\wamp\www\mticket\app\views\reception\view_eventsaleslist.ctp, line 67]
2013-02-06 03:25:08 Debug: Notice (8): Undefined variable: layout_title in [C:\wamp\www\mticket\app\views\layouts\dashboard_layout.ctp, line 115]
2013-02-06 04:14:24 Debug: Notice (8): Undefined index: User in [C:\wamp\www\mticket\app\controllers\user_controller.php, line 32]
2013-02-06 04:29:50 Debug: Notice (8): Undefined property: User::$email in [C:\wamp\www\mticket\app\models\user.php, line 37]
2013-02-06 04:29:50 Debug: Notice (8): Undefined property: User::$password in [C:\wamp\www\mticket\app\models\user.php, line 37]
2013-02-06 04:29:50 Debug: Notice (8): Undefined property: User::$username in [C:\wamp\www\mticket\app\models\user.php, line 37]
2013-02-06 04:31:23 Debug: Notice (8): Undefined property: User::$email in [C:\wamp\www\mticket\app\models\user.php, line 37]
2013-02-06 04:31:23 Debug: Notice (8): Undefined property: User::$password in [C:\wamp\www\mticket\app\models\user.php, line 37]
2013-02-06 04:31:23 Debug: Notice (8): Undefined property: User::$user_email in [C:\wamp\www\mticket\app\models\user.php, line 37]
2013-02-06 04:32:40 Debug: Notice (8): Undefined property: User::$password in [C:\wamp\www\mticket\app\models\user.php, line 37]
2013-02-06 04:32:40 Debug: Notice (8): Undefined property: User::$user_email in [C:\wamp\www\mticket\app\models\user.php, line 37]
2013-02-06 04:39:04 Debug: Notice (8): Undefined property: User::$password in [C:\wamp\www\mticket\app\models\user.php, line 37]
2013-02-06 04:39:04 Debug: Notice (8): Undefined property: User::$user_email in [C:\wamp\www\mticket\app\models\user.php, line 37]
2013-02-06 04:41:06 Debug: Notice (8): Undefined property: User::$user_email in [C:\wamp\www\mticket\app\models\user.php, line 37]
2013-02-06 04:41:06 Debug: Notice (8): Use of undefined constant password - assumed 'password' in [C:\wamp\www\mticket\app\models\user.php, line 37]
2013-02-06 04:41:35 Debug: Notice (8): Undefined property: User::$user_email in [C:\wamp\www\mticket\app\models\user.php, line 37]
2013-02-06 04:41:35 Debug: Notice (8): Undefined property: User::$password in [C:\wamp\www\mticket\app\models\user.php, line 37]
2013-02-06 04:44:34 Debug: Notice (8): Undefined variable: user_email in [C:\wamp\www\mticket\app\models\user.php, line 37]
2013-02-07 00:17:41 Debug: Notice (8): Undefined property: UserController::$Site in [C:\wamp\www\mticket\app\controllers\user_controller.php, line 36]
2013-02-07 00:36:00 Debug: Notice (8): Undefined variable: sites in [C:\wamp\www\mticket\app\views\user\add_user.ctp, line 64]
2013-02-07 00:41:17 Debug: Notice (8): Use of undefined constant name - assumed 'name' in [C:\wamp\www\mticket\app\models\user.php, line 37]
2013-02-07 00:43:31 Debug: Notice (8): Undefined index: name in [C:\wamp\www\mticket\app\controllers\user_controller.php, line 35]
2013-02-07 01:54:14 Debug: Notice (8): Undefined property: UserController::$UserRole in [C:\wamp\www\mticket\app\controllers\user_controller.php, line 48]
2013-02-07 01:56:21 Debug: Notice (8): Undefined variable: layout_title in [C:\wamp\www\mticket\app\views\layouts\dashboard_layout.ctp, line 115]
2013-02-07 20:11:21 Debug: Notice (8): Undefined index: email in [C:\wamp\www\mticket\app\views\user\user_list.ctp, line 55]
2013-02-07 20:13:35 Debug: Notice (8): Undefined index: user_email in [C:\wamp\www\mticket\app\views\user\user_list.ctp, line 50]
2013-02-07 20:13:35 Debug: Notice (8): Undefined index: site_name in [C:\wamp\www\mticket\app\views\user\user_list.ctp, line 55]
2013-02-07 23:02:19 Debug: Notice (8): Undefined variable: user in [C:\wamp\www\mticket\app\views\user\add_user.ctp, line 8]
2013-02-07 23:04:35 Debug: Notice (8): Undefined variable: user in [C:\wamp\www\mticket\app\views\user\add_user.ctp, line 8]
2013-02-07 23:05:09 Debug: Notice (8): Undefined variable: user in [C:\wamp\www\mticket\app\views\user\add_user.ctp, line 8]
2013-02-07 23:06:18 Debug: Notice (8): Undefined index: edit_user in [C:\wamp\www\mticket\app\controllers\user_controller.php, line 39]
2013-02-07 23:06:18 Debug: Notice (8): Undefined variable: user in [C:\wamp\www\mticket\app\views\user\add_user.ctp, line 8]
2013-02-07 23:08:04 Debug: Notice (8): Undefined index: edit_user in [C:\wamp\www\mticket\app\controllers\user_controller.php, line 39]
2013-02-07 23:08:04 Debug: Notice (8): Undefined variable: user in [C:\wamp\www\mticket\app\views\user\add_user.ctp, line 8]
2013-02-07 23:08:53 Debug: Notice (8): Undefined index: edit_user in [C:\wamp\www\mticket\app\controllers\user_controller.php, line 39]
2013-02-07 23:08:53 Debug: Notice (8): Undefined variable: user in [C:\wamp\www\mticket\app\views\user\add_user.ctp, line 8]
2013-02-07 23:13:35 Debug: Notice (8): Undefined index: id in [C:\wamp\www\mticket\app\controllers\user_controller.php, line 41]
2013-02-08 03:08:24 Debug: Notice (8): Undefined property: UserController::$RequestHandler in [C:\wamp\www\mticket\app\controllers\user_controller.php, line 73]
2013-02-09 23:00:52 Debug: Notice (8): Undefined index: password in [C:\wamp\www\mticket\app\controllers\dashboard_controller.php, line 51]
2013-02-09 23:27:33 Debug: Notice (8): Undefined variable: user in [C:\wamp\www\mticket\app\controllers\dashboard_controller.php, line 57]
2013-02-09 23:30:24 Debug: Notice (8): Undefined variable: user in [C:\wamp\www\mticket\app\controllers\dashboard_controller.php, line 57]
2013-02-09 23:30:24 Debug: Notice (8): Undefined variable: user in [C:\wamp\www\mticket\app\controllers\dashboard_controller.php, line 60]
2013-02-09 23:30:24 Debug: Notice (8): Undefined variable: user in [C:\wamp\www\mticket\app\controllers\dashboard_controller.php, line 62]
2013-02-09 23:31:08 Debug: Notice (8): Undefined variable: user in [C:\wamp\www\mticket\app\controllers\dashboard_controller.php, line 57]
2013-02-09 23:31:08 Debug: Notice (8): Undefined variable: user in [C:\wamp\www\mticket\app\controllers\dashboard_controller.php, line 60]
2013-02-09 23:31:08 Debug: Notice (8): Undefined variable: user in [C:\wamp\www\mticket\app\controllers\dashboard_controller.php, line 62]
2013-02-09 23:32:15 Debug: Notice (8): Undefined variable: user in [C:\wamp\www\mticket\app\controllers\dashboard_controller.php, line 57]
2013-02-09 23:32:15 Debug: Notice (8): Undefined variable: user in [C:\wamp\www\mticket\app\controllers\dashboard_controller.php, line 60]
2013-02-09 23:32:15 Debug: Notice (8): Undefined index: User in [C:\wamp\www\mticket\app\controllers\dashboard_controller.php, line 62]
2013-02-09 23:33:48 Debug: Notice (8): Undefined index: User in [C:\wamp\www\mticket\app\controllers\dashboard_controller.php, line 57]
2013-02-09 23:33:48 Debug: Notice (8): Undefined index: User in [C:\wamp\www\mticket\app\controllers\dashboard_controller.php, line 60]
2013-02-09 23:33:48 Debug: Notice (8): Undefined index: User in [C:\wamp\www\mticket\app\controllers\dashboard_controller.php, line 62]
2013-02-09 23:36:17 Debug: Notice (8): Undefined offset: 0 in [C:\wamp\www\mticket\app\controllers\dashboard_controller.php, line 66]
2013-02-09 23:36:36 Debug: Notice (8): Undefined offset: 0 in [C:\wamp\www\mticket\app\controllers\dashboard_controller.php, line 66]
2013-02-09 23:41:38 Debug: Notice (8): Undefined offset: 0 in [C:\wamp\www\mticket\app\controllers\dashboard_controller.php, line 65]
2013-02-09 23:42:27 Debug: Notice (8): Undefined offset: 0 in [C:\wamp\www\mticket\app\controllers\dashboard_controller.php, line 65]
2013-02-10 00:18:33 Debug: Notice (8): Undefined index: User in [C:\wamp\www\mticket\app\controllers\dashboard_controller.php, line 37]
2013-02-10 00:18:33 Debug: Notice (8): Undefined property: Link::$UserRole in [C:\wamp\www\mticket\app\models\link.php, line 15]
2013-02-10 00:19:37 Debug: Notice (8): Undefined index: User in [C:\wamp\www\mticket\app\controllers\dashboard_controller.php, line 38]
2013-02-10 00:19:37 Debug: Notice (8): Undefined property: Link::$UserRole in [C:\wamp\www\mticket\app\models\link.php, line 15]
2013-02-10 00:21:13 Debug: Notice (8): Undefined property: Link::$UserRole in [C:\wamp\www\mticket\app\models\link.php, line 15]
2013-02-10 00:24:15 Debug: Notice (8): Undefined property: DashboardController::$UserRole in [C:\wamp\www\mticket\app\controllers\dashboard_controller.php, line 44]
2013-02-10 00:24:39 Debug: Notice (8): Undefined variable: userid in [C:\wamp\www\mticket\app\controllers\dashboard_controller.php, line 44]
2013-02-10 00:34:50 Debug: Notice (8): Array to string conversion in [C:\wamp\www\mticket\cake\libs\model\datasources\dbo_source.php, line 2205]
2013-02-10 00:58:11 Debug: Notice (8): Array to string conversion in [C:\wamp\www\mticket\cake\libs\model\datasources\dbo_source.php, line 2205]
2013-02-10 01:51:15 Debug: Notice (8): Undefined index: fname in [C:\wamp\www\mticket\app\views\layouts\dashboard_layout.ctp, line 36]
2013-02-10 01:51:20 Debug: Notice (8): Undefined index: fname in [C:\wamp\www\mticket\app\views\layouts\dashboard_layout.ctp, line 36]
2013-02-10 02:12:46 Debug: Notice (8): Undefined index: site_name in [C:\wamp\www\mticket\app\views\user\user_list.ctp, line 60]
2013-02-10 02:15:23 Debug: Notice (8): Undefined index: site_name in [C:\wamp\www\mticket\app\views\user\user_list.ctp, line 60]
2013-02-10 02:17:11 Debug: Notice (8): Undefined index: Site in [C:\wamp\www\mticket\app\views\user\user_list.ctp, line 60]
2013-02-10 02:20:38 Debug: Notice (8): Undefined index: Site in [C:\wamp\www\mticket\app\views\user\user_list.ctp, line 60]
2013-02-10 02:21:29 Debug: Notice (8): Undefined index: Site in [C:\wamp\www\mticket\app\views\user\user_list.ctp, line 60]
2013-02-10 02:25:25 Debug: Notice (8): Undefined index: Site in [C:\wamp\www\mticket\app\views\user\user_list.ctp, line 60]
2013-02-10 02:26:52 Debug: Notice (8): Undefined index: Site in [C:\wamp\www\mticket\app\views\user\user_list.ctp, line 60]
2013-02-10 12:28:10 Debug: Notice (8): Undefined variable: msg in [C:\wamp\www\mticket\app\views\dashboard\index.ctp, line 24]
2013-02-11 02:38:18 Debug: Notice (8): Undefined variable: _SESSION in [C:\wamp\www\mticket\app\controllers\reception_controller.php, line 16]
2013-02-11 02:38:19 Debug: Notice (8): Undefined variable: _SESSION in [C:\wamp\www\mticket\app\controllers\reception_controller.php, line 16]
2013-02-11 02:38:45 Debug: Notice (8): Undefined variable: _SESSION in [C:\wamp\www\mticket\app\controllers\reception_controller.php, line 16]
2013-02-11 02:38:46 Debug: Notice (8): Undefined variable: _SESSION in [C:\wamp\www\mticket\app\controllers\reception_controller.php, line 16]
2013-02-11 02:39:19 Debug: Notice (8): Undefined variable: _SESSION in [C:\wamp\www\mticket\app\controllers\reception_controller.php, line 17]
2013-02-11 02:39:19 Debug: Notice (8): Undefined variable: _SESSION in [C:\wamp\www\mticket\app\controllers\reception_controller.php, line 17]
2013-02-11 02:45:37 Debug: Notice (8): Undefined variable: roles_array in [C:\wamp\www\mticket\app\controllers\reception_controller.php, line 21]
2013-02-11 02:49:59 Debug: Notice (8): Undefined variable: role_short_array in [C:\wamp\www\mticket\app\controllers\dashboard_controller.php, line 52]
2013-02-11 21:17:27 Debug: Notice (8): Undefined variable: user_links in [C:\wamp\www\mticket\app\controllers\dashboard_controller.php, line 65]
2013-02-11 21:26:27 Debug: Notice (8): Array to string conversion in [C:\wamp\www\mticket\cake\libs\model\datasources\dbo_source.php, line 2205]
2013-02-11 22:33:44 Debug: Notice (8): Undefined variable: _SESSION in [C:\wamp\www\mticket\app\controllers\app_controller.php, line 48]
2013-02-11 22:33:45 Debug: Notice (8): Undefined variable: _SESSION in [C:\wamp\www\mticket\app\controllers\app_controller.php, line 48]
2013-02-11 22:34:31 Debug: Notice (8): Undefined variable: _SESSION in [C:\wamp\www\mticket\app\controllers\app_controller.php, line 48]
2013-02-11 22:34:31 Debug: Notice (8): Undefined variable: _SESSION in [C:\wamp\www\mticket\app\controllers\app_controller.php, line 48]
2013-02-11 23:03:29 Debug: Notice (8): Undefined property: PagesController::$controller in [C:\wamp\www\mticket\app\controllers\app_controller.php, line 45]
2013-02-11 23:04:55 Debug: Notice (8): Undefined property: PagesController::$request in [C:\wamp\www\mticket\app\controllers\app_controller.php, line 45]
2013-02-11 23:05:12 Debug: Notice (8): Undefined property: PagesController::$request in [C:\wamp\www\mticket\app\controllers\app_controller.php, line 45]
2013-02-11 23:10:59 Debug: Notice (8): Undefined index: User in [C:\wamp\www\mticket\app\controllers\dashboard_controller.php, line 107]
2013-02-11 23:10:59 Debug: Notice (8): Undefined index: lock_status in [C:\wamp\www\mticket\app\controllers\dashboard_controller.php, line 107]
2013-02-11 23:11:21 Debug: Notice (8): Undefined index: User in [C:\wamp\www\mticket\app\controllers\dashboard_controller.php, line 107]
2013-02-11 23:11:21 Debug: Notice (8): Undefined index: lock_status in [C:\wamp\www\mticket\app\controllers\dashboard_controller.php, line 107]
2013-02-12 17:37:56 Debug: Notice (8): Undefined variable: events in [C:\wamp\www\mticket\app\views\reception\event_list.ctp, line 34]
2013-02-12 17:37:56 Debug: Notice (8): Undefined index: pageCount in [C:\wamp\www\mticket\cake\libs\view\helpers\paginator.php, line 731]
2013-02-12 17:37:56 Debug: Notice (8): Undefined index: pageCount in [C:\wamp\www\mticket\cake\libs\view\helpers\paginator.php, line 785]
2013-02-12 17:38:50 Debug: Notice (8): Undefined variable: events in [C:\wamp\www\mticket\app\views\reception\event_list.ctp, line 34]
2013-02-12 17:38:50 Debug: Notice (8): Undefined index: pageCount in [C:\wamp\www\mticket\cake\libs\view\helpers\paginator.php, line 731]
2013-02-12 17:38:50 Debug: Notice (8): Undefined index: pageCount in [C:\wamp\www\mticket\cake\libs\view\helpers\paginator.php, line 785]
2013-02-12 17:40:13 Debug: Notice (8): Undefined variable: events in [C:\wamp\www\mticket\app\views\reception\event_list.ctp, line 34]
2013-02-12 17:40:13 Debug: Notice (8): Undefined index: pageCount in [C:\wamp\www\mticket\cake\libs\view\helpers\paginator.php, line 731]
2013-02-12 17:40:13 Debug: Notice (8): Undefined index: pageCount in [C:\wamp\www\mticket\cake\libs\view\helpers\paginator.php, line 785]
2013-02-12 17:42:07 Debug: Notice (8): Undefined variable: events in [C:\wamp\www\mticket\app\views\reception\event_list.ctp, line 34]
2013-02-12 17:42:07 Debug: Notice (8): Undefined index: pageCount in [C:\wamp\www\mticket\cake\libs\view\helpers\paginator.php, line 731]
2013-02-12 17:42:07 Debug: Notice (8): Undefined index: pageCount in [C:\wamp\www\mticket\cake\libs\view\helpers\paginator.php, line 785]
2013-02-12 17:48:36 Debug: Notice (8): Undefined offset: 1 in [C:\wamp\www\mticket\app\controllers\reception_controller.php, line 56]
2013-02-12 17:48:36 Debug: Notice (8): Array to string conversion in [C:\wamp\www\mticket\cake\libs\model\datasources\dbo_source.php, line 2205]
2013-02-12 18:45:17 Debug: Notice (8): Undefined variable: page_array in [C:\wamp\www\mticket\app\controllers\reception_controller.php, line 58]
2013-02-12 18:45:17 Debug: Notice (8): Array to string conversion in [C:\wamp\www\mticket\cake\libs\model\datasources\dbo_source.php, line 2205]
2013-02-12 18:45:21 Debug: Notice (8): Undefined variable: page_array in [C:\wamp\www\mticket\app\controllers\reception_controller.php, line 58]
2013-02-12 18:45:21 Debug: Notice (8): Array to string conversion in [C:\wamp\www\mticket\cake\libs\model\datasources\dbo_source.php, line 2205]
2013-02-12 22:48:02 Debug: Notice (8): Undefined variable: conditions_array in [C:\wamp\www\mticket\app\controllers\reception_controller.php, line 41]
2013-02-12 22:51:35 Debug: Notice (8): Array to string conversion in [C:\wamp\www\mticket\cake\libs\model\datasources\dbo_source.php, line 2205]
2013-02-12 22:57:37 Debug: Notice (8): Array to string conversion in [C:\wamp\www\mticket\cake\libs\model\datasources\dbo_source.php, line 2205]
2013-02-12 22:58:24 Debug: Notice (8): Array to string conversion in [C:\wamp\www\mticket\cake\libs\model\datasources\dbo_source.php, line 2205]
2013-02-12 23:07:29 Debug: Notice (8): Array to string conversion in [C:\wamp\www\mticket\cake\libs\model\datasources\dbo_source.php, line 2205]
2013-02-12 23:12:52 Debug: Notice (8): Array to string conversion in [C:\wamp\www\mticket\cake\libs\model\datasources\dbo_source.php, line 2205]
2013-02-13 02:33:33 Debug: Notice (8): Undefined index: pageCount in [C:\wamp\www\mticket\cake\libs\view\helpers\paginator.php, line 731]
2013-02-13 02:33:33 Debug: Notice (8): Undefined index: pageCount in [C:\wamp\www\mticket\cake\libs\view\helpers\paginator.php, line 785]
2013-02-13 03:39:54 Debug: Notice (8): Undefined variable: events in [C:\wamp\www\mticket\app\views\reception\add_batch.ctp, line 31]
2013-02-13 04:17:12 Debug: Notice (8): Undefined variable: paginate_link in [C:\wamp\www\mticket\app\controllers\user_controller.php, line 81]
2013-02-13 05:13:53 Debug: Notice (8): Undefined variable: roles_user in [C:\wamp\www\mticket\app\controllers\dashboard_controller.php, line 60]
2013-02-14 00:45:12 Debug: Notice (8): Undefined variable: _SESSION in [C:\wamp\www\mticket\app\controllers\site_controller.php, line 14]
2013-02-14 00:45:14 Debug: Notice (8): Undefined variable: _SESSION in [C:\wamp\www\mticket\app\controllers\site_controller.php, line 14]
2013-02-14 00:45:32 Debug: Notice (8): Undefined variable: _SESSION in [C:\wamp\www\mticket\app\controllers\site_controller.php, line 14]
2013-02-14 00:45:35 Debug: Notice (8): Undefined variable: _SESSION in [C:\wamp\www\mticket\app\controllers\site_controller.php, line 14]
2013-02-14 04:27:40 Debug: Notice (8): Undefined index: pageCount in [C:\wamp\www\mticket\cake\libs\view\helpers\paginator.php, line 731]
2013-02-14 04:27:40 Debug: Notice (8): Undefined index: pageCount in [C:\wamp\www\mticket\cake\libs\view\helpers\paginator.php, line 785]
2013-02-14 04:52:26 Debug: Notice (8): Undefined index: Institution_name in [C:\wamp\www\mticket\app\views\admin\inst_list.ctp, line 43]
2013-02-14 06:29:07 Debug: Notice (8): Undefined property: Institution::$inst_short_name in [C:\wamp\www\mticket\app\controllers\admin_controller.php, line 125]
2013-02-14 06:29:07 Debug: Notice (8): Undefined property: Institution::$phone in [C:\wamp\www\mticket\app\controllers\admin_controller.php, line 126]
2013-02-14 06:29:07 Debug: Notice (8): Undefined property: Institution::$fax in [C:\wamp\www\mticket\app\controllers\admin_controller.php, line 127]
2013-02-14 06:29:07 Debug: Notice (8): Undefined property: Institution::$email in [C:\wamp\www\mticket\app\controllers\admin_controller.php, line 128]
2013-02-14 06:29:07 Debug: Notice (8): Undefined property: Institution::$city in [C:\wamp\www\mticket\app\controllers\admin_controller.php, line 129]
2013-02-14 06:29:07 Debug: Notice (8): Undefined property: Institution::$address in [C:\wamp\www\mticket\app\controllers\admin_controller.php, line 130]
2013-02-15 01:18:54 Debug: Notice (8): Undefined variable: inst in [C:\wamp\www\mticket\app\views\admin\change_inst.ctp, line 19]
2013-02-15 02:02:25 Debug: Notice (8): Undefined index: user_links in [C:\wamp\www\mticket\app\views\layouts\dashboard_layout.ctp, line 4]
2013-02-15 02:02:25 Debug: Notice (8): Undefined index: memberData in [C:\wamp\www\mticket\app\views\layouts\dashboard_layout.ctp, line 42]
2013-02-15 02:02:26 Debug: Notice (8): Undefined index: memberData in [C:\wamp\www\mticket\app\views\layouts\dashboard_layout.ctp, line 56]
2013-02-15 02:41:37 Debug: Notice (8): Undefined variable: site_id in [C:\wamp\www\mticket\app\views\admin\change_inst.ctp, line 32]
2013-02-15 03:53:14 Debug: Notice (8): Undefined variable: _SESSION in [C:\wamp\www\mticket\app\controllers\reception_controller.php, line 17]
2013-02-15 03:53:23 Debug: Notice (8): Undefined variable: _SESSION in [C:\wamp\www\mticket\app\controllers\reception_controller.php, line 17]
2013-02-16 09:10:54 Debug: Notice (8): Undefined offset: 0 in [C:\wamp\www\mticket\cake\basics.php, line 240]
2013-02-16 09:10:54 Debug: Notice (8): Undefined offset: 1 in [C:\wamp\www\mticket\cake\libs\model\model.php, line 619]
2013-02-16 09:10:57 Debug: Notice (8): Undefined offset: 0 in [C:\wamp\www\mticket\cake\basics.php, line 240]
2013-02-16 09:10:57 Debug: Notice (8): Undefined offset: 1 in [C:\wamp\www\mticket\cake\libs\model\model.php, line 619]
2013-02-16 09:12:40 Debug: Notice (8): Undefined offset: 0 in [C:\wamp\www\mticket\cake\basics.php, line 240]
2013-02-16 09:12:40 Debug: Notice (8): Undefined offset: 1 in [C:\wamp\www\mticket\cake\libs\model\model.php, line 619]
2013-02-16 09:12:41 Debug: Notice (8): Undefined offset: 0 in [C:\wamp\www\mticket\cake\basics.php, line 240]
2013-02-16 09:12:41 Debug: Notice (8): Undefined offset: 1 in [C:\wamp\www\mticket\cake\libs\model\model.php, line 619]
2013-02-16 09:13:20 Debug: Notice (8): Undefined offset: 0 in [C:\wamp\www\mticket\cake\basics.php, line 240]
2013-02-16 09:13:20 Debug: Notice (8): Undefined offset: 1 in [C:\wamp\www\mticket\cake\libs\model\model.php, line 619]
2013-02-16 09:13:21 Debug: Notice (8): Undefined offset: 0 in [C:\wamp\www\mticket\cake\basics.php, line 240]
2013-02-16 09:13:21 Debug: Notice (8): Undefined offset: 1 in [C:\wamp\www\mticket\cake\libs\model\model.php, line 619]
2013-02-16 09:13:22 Debug: Notice (8): Undefined offset: 0 in [C:\wamp\www\mticket\cake\basics.php, line 240]
2013-02-16 09:13:22 Debug: Notice (8): Undefined offset: 1 in [C:\wamp\www\mticket\cake\libs\model\model.php, line 619]
2013-02-16 09:13:43 Debug: Notice (8): Undefined offset: 0 in [C:\wamp\www\mticket\cake\basics.php, line 240]
2013-02-16 09:13:43 Debug: Notice (8): Undefined offset: 1 in [C:\wamp\www\mticket\cake\libs\model\model.php, line 619]
2013-02-16 09:13:44 Debug: Notice (8): Undefined offset: 0 in [C:\wamp\www\mticket\cake\basics.php, line 240]
2013-02-16 09:13:44 Debug: Notice (8): Undefined offset: 1 in [C:\wamp\www\mticket\cake\libs\model\model.php, line 619]
2013-02-16 09:13:46 Debug: Notice (8): Undefined offset: 0 in [C:\wamp\www\mticket\cake\basics.php, line 240]
2013-02-16 09:13:46 Debug: Notice (8): Undefined offset: 1 in [C:\wamp\www\mticket\cake\libs\model\model.php, line 619]
2013-02-16 09:14:25 Debug: Notice (8): Undefined offset: 0 in [C:\wamp\www\mticket\cake\basics.php, line 240]
2013-02-16 09:14:25 Debug: Notice (8): Undefined offset: 1 in [C:\wamp\www\mticket\cake\libs\model\model.php, line 619]
2013-02-16 09:14:41 Debug: Notice (8): Undefined offset: 0 in [C:\wamp\www\mticket\cake\basics.php, line 240]
2013-02-16 09:14:41 Debug: Notice (8): Undefined offset: 1 in [C:\wamp\www\mticket\cake\libs\model\model.php, line 619]
2013-02-16 09:17:55 Debug: Notice (8): Undefined offset: 0 in [C:\wamp\www\mticket\cake\basics.php, line 240]
2013-02-16 09:17:55 Debug: Notice (8): Undefined offset: 1 in [C:\wamp\www\mticket\cake\libs\model\model.php, line 619]
2013-02-16 09:18:11 Debug: Notice (8): Undefined offset: 0 in [C:\wamp\www\mticket\cake\basics.php, line 240]
2013-02-16 09:18:11 Debug: Notice (8): Undefined offset: 1 in [C:\wamp\www\mticket\cake\libs\model\model.php, line 619]
2013-02-16 09:21:35 Debug: Notice (8): Undefined offset: 0 in [C:\wamp\www\mticket\cake\basics.php, line 240]
2013-02-16 09:21:35 Debug: Notice (8): Undefined offset: 1 in [C:\wamp\www\mticket\cake\libs\model\model.php, line 619]
2013-02-16 09:22:30 Debug: Notice (8): Undefined offset: 0 in [C:\wamp\www\mticket\cake\basics.php, line 240]
2013-02-16 09:22:30 Debug: Notice (8): Undefined offset: 1 in [C:\wamp\www\mticket\cake\libs\model\model.php, line 619]
2013-02-16 09:22:31 Debug: Notice (8): Undefined offset: 0 in [C:\wamp\www\mticket\cake\basics.php, line 240]
2013-02-16 09:22:31 Debug: Notice (8): Undefined offset: 1 in [C:\wamp\www\mticket\cake\libs\model\model.php, line 619]
2013-02-16 09:22:35 Debug: Notice (8): Undefined offset: 0 in [C:\wamp\www\mticket\cake\basics.php, line 240]
2013-02-16 09:22:35 Debug: Notice (8): Undefined offset: 1 in [C:\wamp\www\mticket\cake\libs\model\model.php, line 619]
2013-02-16 09:31:42 Debug: Notice (8): Undefined property: ReceptionController::$Category in [C:\wamp\www\mticket\app\controllers\reception_controller.php, line 226]
2013-02-16 09:39:07 Debug: Notice (8): Undefined index: id in [C:\wamp\www\mticket\app\views\reception\add_batch.ctp, line 95]
2013-02-16 09:39:07 Debug: Notice (8): Undefined index: long_name in [C:\wamp\www\mticket\app\views\reception\add_batch.ctp, line 95]
2013-02-16 09:44:52 Debug: Notice (8): Undefined index: Category in [C:\wamp\www\mticket\app\views\reception\add_batch.ctp, line 94]
2013-02-17 01:03:39 Debug: Notice (8): Undefined variable: tmpName in [C:\wamp\www\mticket\app\controllers\ticket_controller.php, line 104]
2013-02-17 14:48:55 Debug: Notice (8): Undefined variable: va in [C:\wamp\www\mticket\app\controllers\ticket_controller.php, line 56]
2013-02-17 16:03:52 Debug: Notice (8): Undefined index: sendAs in [C:\wamp\www\mticket\app\controllers\ticket_controller.php, line 42]
2013-02-17 16:03:52 Debug: Notice (8): Undefined index: template in [C:\wamp\www\mticket\app\controllers\ticket_controller.php, line 43]
2013-02-22 19:30:11 Debug: Notice (8): Undefined property: TicketController::$Member in [C:\wamp\www\mticket\app\controllers\ticket_controller.php, line 54]
2013-02-22 22:41:22 Debug: Notice (8): Undefined index: render_element in [C:\wamp\www\mticket\app\controllers\components\ticket_generic_email.php, line 21]
2013-02-22 22:44:11 Debug: Notice (8): Undefined index: member_info in [C:\wamp\www\mticket\app\views\elements\email\html\email_ticket.ctp, line 112]
2013-02-23 12:56:19 Debug: Notice (8): Undefined variable: bounce_address in [C:\wamp\www\mticket\app\controllers\components\ticket_generic_email.php, line 62]
2013-02-24 07:34:13 Debug: Notice (8): Undefined index: ticket_cost in [C:\wamp\www\mticket\app\views\reception\event_list.ctp, line 52]
2013-02-24 08:31:55 Debug: Notice (8): Undefined property: TicketController::$TickeType in [C:\wamp\www\mticket\app\controllers\ticket_controller.php, line 25]
2013-02-24 08:43:30 Debug: Notice (8): Undefined variable: results in [C:\wamp\www\mticket\app\controllers\ticket_controller.php, line 26]
2013-02-24 10:06:39 Debug: Notice (8): Use of undefined constant action - assumed 'action' in [C:\wamp\www\mticket\app\controllers\ticket_controller.php, line 77]
2013-02-24 10:41:31 Debug: Notice (8): Undefined index: type_html in [C:\wamp\www\mticket\app\controllers\ticket_controller.php, line 87]
2013-02-24 10:41:44 Debug: Notice (8): Undefined index: type_html in [C:\wamp\www\mticket\app\controllers\ticket_controller.php, line 87]
2013-02-24 12:55:46 Debug: Notice (8): Undefined variable: mailer in [C:\wamp\www\mticket\app\controllers\components\ticket_generic_email.php, line 66]
2013-02-24 14:18:32 Debug: Notice (8): Undefined variable: smtp_username in [C:\wamp\www\mticket\app\controllers\components\ticket_generic_email.php, line 29]
2013-02-24 20:29:50 Debug: Notice (8): Undefined index: allow_batch_create in [C:\wamp\www\mticket\app\views\reception\batch_list.ctp, line 50]
2013-02-24 20:59:14 Debug: Notice (8): Undefined property: TicketController::$QrModComponent in [C:\wamp\www\mticket\app\controllers\ticket_controller.php, line 192]
2013-02-24 21:16:47 Debug: Notice (8): Undefined index: Member in [C:\wamp\www\mticket\app\controllers\ticket_controller.php, line 85]
2013-02-24 23:09:04 Debug: Notice (8): Undefined index: batch_allow_email_send in [C:\wamp\www\mticket\app\views\reception\batch_list.ctp, line 50]
2013-02-25 00:36:51 Debug: Notice (8): Undefined variable: dataObj in [C:\wamp\www\mticket\app\controllers\user_controller.php, line 132]
2013-02-25 00:49:20 Debug: Notice (8): Undefined variable: pass in [C:\wamp\www\mticket\app\controllers\user_controller.php, line 116]
2013-02-25 00:49:20 Debug: Notice (8): Undefined variable: dataObj in [C:\wamp\www\mticket\app\controllers\user_controller.php, line 129]
2013-02-25 00:54:29 Debug: Notice (8): Undefined variable: dataObj in [C:\wamp\www\mticket\app\controllers\user_controller.php, line 130]
2013-02-25 00:56:06 Debug: Notice (8): Undefined index: keys_replace in [C:\wamp\www\mticket\app\controllers\components\ticket_generic_email.php, line 56]
2013-02-28 03:48:50 Debug: Notice (8): Undefined variable: tickettypes in [C:\wamp\www\mticket\app\controllers\reception_controller.php, line 265]
2013-02-28 03:58:59 Debug: Notice (8): Use of undefined constant tickettypes - assumed 'tickettypes' in [C:\wamp\www\mticket\app\views\reception\tt_list.ctp, line 28]
2013-02-28 03:59:00 Debug: Notice (8): Undefined index: pageCount in [C:\wamp\www\mticket\cake\libs\view\helpers\paginator.php, line 731]
2013-02-28 03:59:00 Debug: Notice (8): Undefined index: pageCount in [C:\wamp\www\mticket\cake\libs\view\helpers\paginator.php, line 785]
2013-02-28 03:59:19 Debug: Notice (8): Undefined index: Event in [C:\wamp\www\mticket\app\views\reception\tt_list.ctp, line 35]
2013-02-28 03:59:19 Debug: Notice (8): Undefined index: pageCount in [C:\wamp\www\mticket\cake\libs\view\helpers\paginator.php, line 731]
2013-02-28 03:59:19 Debug: Notice (8): Undefined index: pageCount in [C:\wamp\www\mticket\cake\libs\view\helpers\paginator.php, line 785]
2013-02-28 03:59:59 Debug: Notice (8): Undefined index: pageCount in [C:\wamp\www\mticket\cake\libs\view\helpers\paginator.php, line 731]
2013-02-28 04:00:00 Debug: Notice (8): Undefined index: pageCount in [C:\wamp\www\mticket\cake\libs\view\helpers\paginator.php, line 785]
2013-02-28 04:06:53 Debug: Notice (8): Undefined index: pageCount in [C:\wamp\www\mticket\cake\libs\view\helpers\paginator.php, line 731]
2013-02-28 04:06:53 Debug: Notice (8): Undefined index: pageCount in [C:\wamp\www\mticket\cake\libs\view\helpers\paginator.php, line 785]
2013-02-28 04:07:06 Debug: Notice (8): Undefined index: pageCount in [C:\wamp\www\mticket\cake\libs\view\helpers\paginator.php, line 731]
2013-02-28 04:07:06 Debug: Notice (8): Undefined index: pageCount in [C:\wamp\www\mticket\cake\libs\view\helpers\paginator.php, line 785]
2013-02-28 04:11:28 Debug: Notice (8): Undefined variable: paginate_link in [C:\wamp\www\mticket\app\controllers\reception_controller.php, line 271]
2013-02-28 04:50:13 Debug: Notice (8): Undefined variable: batch_data in [C:\wamp\www\mticket\app\controllers\reception_controller.php, line 305]
2013-02-28 23:02:56 Debug: Notice (8): Undefined variable: TicketTypes in [C:\wamp\www\mticket\app\views\reception\add_tt.ctp, line 65]
2013-03-01 01:04:15 Debug: Notice (8): Undefined variable: Members in [C:\wamp\www\mticket\app\views\customer\customer_list.ctp, line 30]
2013-03-01 01:53:07 Debug: Notice (8): Undefined property: CustomerController::$Site in [C:\wamp\www\mticket\app\controllers\customer_controller.php, line 99]
2013-03-01 01:56:50 Debug: Notice (8): Undefined variable: member in [C:\wamp\www\mticket\app\views\customer\add_customer.ctp, line 9]
2013-03-01 04:18:32 Debug: Notice (8): Undefined property: CustomerController::$Role in [C:\wamp\www\mticket\app\controllers\customer_controller.php, line 115]
2013-03-01 04:18:58 Debug: Notice (8): Undefined property: CustomerController::$Customer in [C:\wamp\www\mticket\app\controllers\customer_controller.php, line 115]
2013-03-01 06:14:41 Debug: Notice (8): Undefined variable: TicketTypes in [C:\wamp\www\mticket\app\views\reception\add_tt.ctp, line 65]
2013-04-23 17:52:07 Debug: Notice (8): Undefined property: DashboardController::$Cookie in [C:\wamp\www\mticket\app\controllers\dashboard_controller.php, line 38]
2013-04-23 18:10:31 Debug: Notice (8): Undefined variable: time_ticket in [C:\wamp\www\mticket\app\controllers\ticket_controller.php, line 87]
2013-04-23 18:10:31 Debug: Notice (8): Undefined variable: ticket_event in [C:\wamp\www\mticket\app\controllers\ticket_controller.php, line 90]
2013-04-23 18:16:43 Debug: Notice (8): Undefined variable: time_ticket in [C:\wamp\www\mticket\app\controllers\ticket_controller.php, line 87]
2013-05-13 20:08:57 Debug: Notice (8): Undefined index: ticket_img in [C:\wamp\www\mticket\app\controllers\ticket_controller.php, line 185]
2013-05-13 20:08:57 Debug: Notice (8): Undefined index: event_name in [C:\wamp\www\mticket\app\controllers\ticket_controller.php, line 188]
2013-05-13 20:08:57 Debug: Notice (8): Undefined index: event_start in [C:\wamp\www\mticket\app\controllers\ticket_controller.php, line 189]
2013-05-13 20:08:57 Debug: Notice (8): Undefined index: event_end in [C:\wamp\www\mticket\app\controllers\ticket_controller.php, line 189]
2013-05-13 20:08:58 Debug: Notice (8): Undefined index: event_location in [C:\wamp\www\mticket\app\controllers\ticket_controller.php, line 189]
2013-05-13 20:22:05 Debug: Notice (8): Undefined index: Ticket in [C:\wamp\www\mticket\app\controllers\ticket_controller.php, line 184]
2013-05-13 20:22:06 Debug: Notice (8): Undefined index: email in [C:\wamp\www\mticket\app\controllers\ticket_controller.php, line 186]
2013-05-13 20:22:06 Debug: Notice (8): Undefined index: cell in [C:\wamp\www\mticket\app\controllers\ticket_controller.php, line 187]
2013-05-13 20:22:06 Debug: Notice (8): Undefined index: Event in [C:\wamp\www\mticket\app\controllers\ticket_controller.php, line 187]
2013-05-13 20:22:06 Debug: Notice (8): Undefined index: Event in [C:\wamp\www\mticket\app\controllers\ticket_controller.php, line 188]
2013-05-13 20:22:06 Debug: Notice (8): Undefined index: email in [C:\wamp\www\mticket\app\controllers\ticket_controller.php, line 192]
2013-05-13 20:22:06 Debug: Notice (8): Undefined index: TicketType in [C:\wamp\www\mticket\app\controllers\ticket_controller.php, line 194]
2013-05-13 20:33:24 Debug: Notice (8): Undefined index: ticket_img in [C:\wamp\www\mticket\app\controllers\ticket_controller.php, line 186]
2013-05-13 20:33:24 Debug: Notice (8): Undefined index: event_name in [C:\wamp\www\mticket\app\controllers\ticket_controller.php, line 189]
2013-05-13 20:33:24 Debug: Notice (8): Undefined index: event_start in [C:\wamp\www\mticket\app\controllers\ticket_controller.php, line 190]
2013-05-13 20:33:24 Debug: Notice (8): Undefined index: event_end in [C:\wamp\www\mticket\app\controllers\ticket_controller.php, line 190]
2013-05-13 20:33:24 Debug: Notice (8): Undefined index: event_location in [C:\wamp\www\mticket\app\controllers\ticket_controller.php, line 190]
2013-06-28 00:37:05 Debug: Notice (8): Undefined variable: results in [C:\wamp\www\mticket\app\controllers\ticket_controller.php, line 195]
2013-08-19 02:07:08 Debug: Notice (8): Undefined index: user_links in [C:\wamp\www\mticket\app\views\layouts\dashboard_layout.ctp, line 4]
2013-08-19 02:07:08 Debug: Notice (8): Undefined index: memberData in [C:\wamp\www\mticket\app\views\layouts\dashboard_layout.ctp, line 42]
2013-08-19 02:07:08 Debug: Notice (8): Undefined index: memberData in [C:\wamp\www\mticket\app\views\layouts\dashboard_layout.ctp, line 56]
2013-08-19 02:07:10 Debug: Notice (8): Undefined index: user_links in [C:\wamp\www\mticket\app\views\layouts\dashboard_layout.ctp, line 4]
2013-08-19 02:07:10 Debug: Notice (8): Undefined index: memberData in [C:\wamp\www\mticket\app\views\layouts\dashboard_layout.ctp, line 42]
2013-08-19 02:07:10 Debug: Notice (8): Undefined index: memberData in [C:\wamp\www\mticket\app\views\layouts\dashboard_layout.ctp, line 56]
2013-08-19 04:04:45 Debug: Notice (8): Undefined index: ticket_data in [C:\wamp\www\mticket\app\controllers\ticket_controller.php, line 161]
2013-08-19 04:05:42 Debug: Notice (8): Undefined index: ticket_data in [C:\wamp\www\mticket\app\controllers\ticket_controller.php, line 162]
2013-08-19 04:07:27 Debug: Notice (8): Undefined index: ticket_data in [C:\wamp\www\mticket\app\controllers\ticket_controller.php, line 162]
2013-08-19 04:08:34 Debug: Notice (8): Undefined variable: ticket_data in [C:\wamp\www\mticket\app\controllers\ticket_controller.php, line 167]
2013-08-19 04:09:48 Debug: Notice (8): Undefined variable: ticket_data in [C:\wamp\www\mticket\app\controllers\ticket_controller.php, line 167]
2013-08-19 04:10:01 Debug: Notice (8): Undefined variable: ticket_data in [C:\wamp\www\mticket\app\controllers\ticket_controller.php, line 167]
2013-08-19 04:10:07 Debug: Notice (8): Undefined variable: ticket_data in [C:\wamp\www\mticket\app\controllers\ticket_controller.php, line 167]
2013-08-19 04:10:17 Debug: Notice (8): Undefined variable: ticket_data in [C:\wamp\www\mticket\app\controllers\ticket_controller.php, line 167]
2013-08-19 04:10:18 Debug: Notice (8): Undefined variable: ticket_data in [C:\wamp\www\mticket\app\controllers\ticket_controller.php, line 167]
2013-08-19 04:10:19 Debug: Notice (8): Undefined variable: ticket_data in [C:\wamp\www\mticket\app\controllers\ticket_controller.php, line 167]
2013-08-19 04:12:20 Debug: Notice (8): Undefined variable: ticket_data in [C:\wamp\www\mticket\app\controllers\ticket_controller.php, line 167]
2013-11-14 20:57:38 Debug: Notice (8): Undefined index: event_end in [C:\wamp\www\mticket\app\controllers\reception_controller.php, line 138]
2013-11-14 20:58:36 Debug: Notice (8): Undefined index: event_end in [C:\wamp\www\mticket\app\controllers\reception_controller.php, line 138]
2013-11-18 22:07:10 Debug: Notice (8): Undefined variable: site_id in [C:\wamp\www\mticket\app\views\reception\add_tt.ctp, line 16]
2013-11-19 00:05:23 Debug: Notice (8): Undefined variable: conditions in [C:\wamp\www\mticket\app\controllers\reception_controller.php, line 127]
2013-11-19 00:05:38 Debug: Notice (8): Undefined variable: conditions in [C:\wamp\www\mticket\app\controllers\reception_controller.php, line 127]
2013-11-19 00:06:20 Debug: Notice (8): Undefined variable: conditions in [C:\wamp\www\mticket\app\controllers\reception_controller.php, line 127]
2013-11-19 00:07:46 Debug: Notice (8): Undefined variable: conditions in [C:\wamp\www\mticket\app\controllers\reception_controller.php, line 127]
2014-03-23 16:02:25 Debug: Notice (8): Undefined index: user_links in [C:\wamp\www\chms\app\views\layouts\dashboard_layout.ctp, line 4]
2014-03-23 16:02:26 Debug: Notice (8): Undefined index: memberData in [C:\wamp\www\chms\app\views\layouts\dashboard_layout.ctp, line 71]
2014-03-23 16:02:26 Debug: Notice (8): Undefined index: memberData in [C:\wamp\www\chms\app\views\layouts\dashboard_layout.ctp, line 85]
2014-03-23 16:02:29 Debug: Notice (8): Undefined index: user_links in [C:\wamp\www\chms\app\views\layouts\dashboard_layout.ctp, line 4]
2014-03-23 16:02:29 Debug: Notice (8): Undefined index: memberData in [C:\wamp\www\chms\app\views\layouts\dashboard_layout.ctp, line 71]
2014-03-23 16:02:29 Debug: Notice (8): Undefined index: memberData in [C:\wamp\www\chms\app\views\layouts\dashboard_layout.ctp, line 85]
2014-03-23 16:50:34 Debug: Notice (8): Undefined index: user_links in [C:\wamp\www\chms\app\views\layouts\dashboard_layout.ctp, line 4]
2014-03-23 16:50:34 Debug: Notice (8): Undefined index: memberData in [C:\wamp\www\chms\app\views\layouts\dashboard_layout.ctp, line 71]
2014-03-23 16:50:34 Debug: Notice (8): Undefined index: memberData in [C:\wamp\www\chms\app\views\layouts\dashboard_layout.ctp, line 85]
2014-03-23 16:50:36 Debug: Notice (8): Undefined index: user_links in [C:\wamp\www\chms\app\views\layouts\dashboard_layout.ctp, line 4]
2014-03-23 16:50:36 Debug: Notice (8): Undefined index: memberData in [C:\wamp\www\chms\app\views\layouts\dashboard_layout.ctp, line 71]
2014-03-23 16:50:36 Debug: Notice (8): Undefined index: memberData in [C:\wamp\www\chms\app\views\layouts\dashboard_layout.ctp, line 85]
2014-03-23 16:50:50 Debug: Notice (8): Undefined index: user_links in [C:\wamp\www\chms\app\views\layouts\dashboard_layout.ctp, line 4]
2014-03-23 16:50:50 Debug: Notice (8): Undefined index: memberData in [C:\wamp\www\chms\app\views\layouts\dashboard_layout.ctp, line 71]
2014-03-23 16:50:50 Debug: Notice (8): Undefined index: memberData in [C:\wamp\www\chms\app\views\layouts\dashboard_layout.ctp, line 85]
2014-03-23 16:50:52 Debug: Notice (8): Undefined index: user_links in [C:\wamp\www\chms\app\views\layouts\dashboard_layout.ctp, line 4]
2014-03-23 16:50:52 Debug: Notice (8): Undefined index: memberData in [C:\wamp\www\chms\app\views\layouts\dashboard_layout.ctp, line 71]
2014-03-23 16:50:52 Debug: Notice (8): Undefined index: memberData in [C:\wamp\www\chms\app\views\layouts\dashboard_layout.ctp, line 85]
2014-03-23 17:11:12 Debug: Notice (8): Undefined index: user_links in [C:\wamp\www\chms\app\views\layouts\dashboard_layout.ctp, line 4]
2014-03-23 17:11:13 Debug: Notice (8): Undefined index: memberData in [C:\wamp\www\chms\app\views\layouts\dashboard_layout.ctp, line 71]
2014-03-23 17:11:13 Debug: Notice (8): Undefined index: memberData in [C:\wamp\www\chms\app\views\layouts\dashboard_layout.ctp, line 85]
2014-03-23 17:11:15 Debug: Notice (8): Undefined index: user_links in [C:\wamp\www\chms\app\views\layouts\dashboard_layout.ctp, line 4]
2014-03-23 17:11:15 Debug: Notice (8): Undefined index: memberData in [C:\wamp\www\chms\app\views\layouts\dashboard_layout.ctp, line 71]
2014-03-23 17:11:15 Debug: Notice (8): Undefined index: memberData in [C:\wamp\www\chms\app\views\layouts\dashboard_layout.ctp, line 85]
2014-03-23 17:11:18 Debug: Notice (8): Undefined index: user_links in [C:\wamp\www\chms\app\views\layouts\dashboard_layout.ctp, line 4]
2014-03-23 17:11:18 Debug: Notice (8): Undefined index: memberData in [C:\wamp\www\chms\app\views\layouts\dashboard_layout.ctp, line 71]
2014-03-23 17:11:18 Debug: Notice (8): Undefined index: memberData in [C:\wamp\www\chms\app\views\layouts\dashboard_layout.ctp, line 85]
2014-03-23 17:11:20 Debug: Notice (8): Undefined index: user_links in [C:\wamp\www\chms\app\views\layouts\dashboard_layout.ctp, line 4]
2014-03-23 17:11:20 Debug: Notice (8): Undefined index: memberData in [C:\wamp\www\chms\app\views\layouts\dashboard_layout.ctp, line 71]
2014-03-23 17:11:20 Debug: Notice (8): Undefined index: memberData in [C:\wamp\www\chms\app\views\layouts\dashboard_layout.ctp, line 85]
2014-03-23 18:14:49 Debug: Notice (8): Undefined index: user_links in [C:\wamp\www\chms\app\views\layouts\dashboard_layout.ctp, line 4]
2014-03-23 18:14:49 Debug: Notice (8): Undefined index: memberData in [C:\wamp\www\chms\app\views\layouts\dashboard_layout.ctp, line 71]
2014-03-23 18:14:49 Debug: Notice (8): Undefined index: memberData in [C:\wamp\www\chms\app\views\layouts\dashboard_layout.ctp, line 85]
2014-03-23 18:14:51 Debug: Notice (8): Undefined index: user_links in [C:\wamp\www\chms\app\views\layouts\dashboard_layout.ctp, line 4]
2014-03-23 18:14:51 Debug: Notice (8): Undefined index: memberData in [C:\wamp\www\chms\app\views\layouts\dashboard_layout.ctp, line 71]
2014-03-23 18:14:51 Debug: Notice (8): Undefined index: memberData in [C:\wamp\www\chms\app\views\layouts\dashboard_layout.ctp, line 85]
2014-03-23 18:39:42 Debug: Notice (8): Undefined index: user_links in [C:\wamp\www\chms\app\views\layouts\dashboard_layout.ctp, line 4]
2014-03-23 18:39:42 Debug: Notice (8): Undefined index: memberData in [C:\wamp\www\chms\app\views\layouts\dashboard_layout.ctp, line 71]
2014-03-23 18:39:42 Debug: Notice (8): Undefined index: memberData in [C:\wamp\www\chms\app\views\layouts\dashboard_layout.ctp, line 85]
2014-03-23 18:39:44 Debug: Notice (8): Undefined index: user_links in [C:\wamp\www\chms\app\views\layouts\dashboard_layout.ctp, line 4]
2014-03-23 18:39:44 Debug: Notice (8): Undefined index: memberData in [C:\wamp\www\chms\app\views\layouts\dashboard_layout.ctp, line 71]
2014-03-23 18:39:44 Debug: Notice (8): Undefined index: memberData in [C:\wamp\www\chms\app\views\layouts\dashboard_layout.ctp, line 85]
2014-03-23 19:18:16 Debug: Notice (8): Undefined variable: layout_title in [C:\wamp\www\chms\app\views\layouts\dashboard_layout.ctp, line 157]
2014-03-23 19:18:17 Debug: Notice (8): Undefined variable: layout_title in [C:\wamp\www\chms\app\views\layouts\dashboard_layout.ctp, line 157]
2014-03-25 00:45:29 Debug: Notice (8): Undefined variable: layout_title in [C:\wamp\www\chms\app\views\layouts\dashboard_layout.ctp, line 157]
2014-03-25 00:45:30 Debug: Notice (8): Undefined variable: layout_title in [C:\wamp\www\chms\app\views\layouts\dashboard_layout.ctp, line 157]
2014-03-31 22:04:18 Debug: Notice (8): Undefined variable: reports_data in [C:\wamp\www\chms\app\controllers\admin_controller.php, line 255]
2014-03-31 22:05:35 Debug: Notice (8): Undefined variable: reports_data in [C:\wamp\www\chms\app\controllers\admin_controller.php, line 255]
2014-03-31 22:05:35 Debug: Notice (8): Undefined index: name in [C:\wamp\www\chms\app\controllers\admin_controller.php, line 263]
2014-03-31 22:05:35 Debug: Notice (8): Undefined index: label in [C:\wamp\www\chms\app\controllers\admin_controller.php, line 263]
2014-03-31 22:05:35 Debug: Notice (8): Undefined index: val_name in [C:\wamp\www\chms\app\controllers\admin_controller.php, line 263]
2014-03-31 22:07:51 Debug: Notice (8): Undefined variable: reports_data in [C:\wamp\www\chms\app\controllers\admin_controller.php, line 255]
2014-03-31 22:07:51 Debug: Notice (8): Undefined index: name in [C:\wamp\www\chms\app\controllers\admin_controller.php, line 263]
2014-03-31 22:07:51 Debug: Notice (8): Undefined index: label in [C:\wamp\www\chms\app\controllers\admin_controller.php, line 263]
2014-03-31 22:07:51 Debug: Notice (8): Undefined index: val_name in [C:\wamp\www\chms\app\controllers\admin_controller.php, line 263]
2014-03-31 22:09:19 Debug: Notice (8): Undefined variable: reports_data in [C:\wamp\www\chms\app\controllers\admin_controller.php, line 255]
2014-03-31 22:10:38 Debug: Notice (8): Undefined variable: reports_data in [C:\wamp\www\chms\app\controllers\admin_controller.php, line 254]
2014-03-31 22:15:38 Debug: Notice (8): Undefined index: name in [C:\wamp\www\chms\app\controllers\admin_controller.php, line 261]
2014-03-31 22:15:38 Debug: Notice (8): Undefined index: label in [C:\wamp\www\chms\app\controllers\admin_controller.php, line 261]
2014-03-31 22:15:38 Debug: Notice (8): Undefined index: val_name in [C:\wamp\www\chms\app\controllers\admin_controller.php, line 261]
2014-03-31 23:59:42 Debug: Notice (8): Array to string conversion in [C:\wamp\www\chms\cake\libs\model\datasources\dbo_source.php, line 746]
2014-04-01 00:05:47 Debug: Notice (8): Array to string conversion in [C:\wamp\www\chms\cake\libs\model\datasources\dbo_source.php, line 746]
2014-04-01 00:06:54 Debug: Notice (8): Array to string conversion in [C:\wamp\www\chms\cake\libs\model\datasources\dbo_source.php, line 746]
2014-04-01 00:13:27 Debug: Notice (8): Array to string conversion in [C:\wamp\www\chms\cake\libs\model\datasources\dbo_source.php, line 746]
2014-04-01 00:27:33 Debug: Notice (8): Array to string conversion in [C:\wamp\www\chms\cake\libs\model\datasources\dbo_source.php, line 746]
2014-04-01 00:53:50 Debug: Notice (8): Undefined variable: report_category in [C:\wamp\www\chms\app\views\admin\configure_reports_add.ctp, line 41]
2014-04-01 01:41:47 Debug: Notice (8): Undefined index: param in [C:\wamp\www\chms\app\controllers\admin_controller.php, line 259]
2014-04-03 22:07:21 Debug: Notice (8): Undefined index: Institution in [C:\wamp\www\chms\app\views\admin\configure_reports_list.ctp, line 87]
2014-04-03 22:07:21 Debug: Notice (8): Undefined index: Institution in [C:\wamp\www\chms\app\views\admin\configure_reports_list.ctp, line 90]
2014-04-03 22:22:18 Debug: Notice (8): Undefined property: AdminController::$Category in [C:\wamp\www\chms\app\controllers\admin_controller.php, line 262]
2014-04-03 22:27:38 Debug: Notice (8): Undefined index: 16 in [C:\wamp\www\chms\app\views\admin\configure_reports_list.ctp, line 53]
2014-04-03 22:27:38 Debug: Notice (8): Undefined index: 15 in [C:\wamp\www\chms\app\views\admin\configure_reports_list.ctp, line 53]
2014-04-03 23:46:55 Debug: Notice (8): Undefined variable: report_s in [C:\wamp\www\chms\app\controllers\admin_controller.php, line 311]
2014-04-03 23:57:39 Debug: Notice (8): Undefined variable: reports in [C:\wamp\www\chms\app\views\admin\configure_reports_add.ctp, line 74]
2014-08-02 00:30:16 Debug: Notice (8): Undefined variable: report_category in [C:\wamp\www\chms\app\views\admin\configure_reports_roles.ctp, line 41]
2014-08-02 00:30:31 Debug: Notice (8): Undefined variable: report_category in [C:\wamp\www\chms\app\views\admin\configure_reports_roles.ctp, line 41]
2014-08-02 01:07:08 Debug: Notice (8): Undefined index: Role in [C:\wamp\www\chms\app\views\admin\configure_reports_roles.ctp, line 21]
2014-08-02 01:07:08 Debug: Notice (8): Undefined index: Role in [C:\wamp\www\chms\app\views\admin\configure_reports_roles.ctp, line 23]
2014-08-02 01:07:08 Debug: Notice (8): Undefined index: Role in [C:\wamp\www\chms\app\views\admin\configure_reports_roles.ctp, line 28]
2014-08-02 01:07:08 Debug: Notice (8): Undefined index: Role in [C:\wamp\www\chms\app\views\admin\configure_reports_roles.ctp, line 37]
2014-08-02 01:15:36 Debug: Notice (8): Undefined property: AdminController::$Roles in [C:\wamp\www\chms\app\controllers\admin_controller.php, line 279]
2014-08-02 01:15:51 Debug: Notice (8): Undefined property: AdminController::$Roles in [C:\wamp\www\chms\app\controllers\admin_controller.php, line 279]
2014-08-02 02:03:42 Debug: Notice (8): Undefined variable: role in [C:\wamp\www\chms\app\controllers\admin_controller.php, line 299]
2014-08-02 03:00:58 Debug: Notice (8): Undefined index: user_links in [C:\wamp\www\chms\app\views\layouts\dashboard_layout.ctp, line 4]
2014-08-02 03:00:58 Debug: Notice (8): Undefined index: memberData in [C:\wamp\www\chms\app\views\layouts\dashboard_layout.ctp, line 72]
2014-08-02 03:00:58 Debug: Notice (8): Undefined index: memberData in [C:\wamp\www\chms\app\views\layouts\dashboard_layout.ctp, line 86]
2014-08-02 03:01:00 Debug: Notice (8): Undefined index: user_links in [C:\wamp\www\chms\app\views\layouts\dashboard_layout.ctp, line 4]
2014-08-02 03:01:00 Debug: Notice (8): Undefined index: memberData in [C:\wamp\www\chms\app\views\layouts\dashboard_layout.ctp, line 72]
2014-08-02 03:01:00 Debug: Notice (8): Undefined index: memberData in [C:\wamp\www\chms\app\views\layouts\dashboard_layout.ctp, line 86]
2014-08-02 03:01:33 Debug: Notice (8): Undefined index: user_links in [C:\wamp\www\chms\app\views\layouts\dashboard_layout.ctp, line 4]
2014-08-02 03:01:33 Debug: Notice (8): Undefined index: memberData in [C:\wamp\www\chms\app\views\layouts\dashboard_layout.ctp, line 72]
2014-08-02 03:01:33 Debug: Notice (8): Undefined index: memberData in [C:\wamp\www\chms\app\views\layouts\dashboard_layout.ctp, line 86]
2014-08-02 03:01:35 Debug: Notice (8): Undefined index: user_links in [C:\wamp\www\chms\app\views\layouts\dashboard_layout.ctp, line 4]
2014-08-02 03:01:35 Debug: Notice (8): Undefined index: memberData in [C:\wamp\www\chms\app\views\layouts\dashboard_layout.ctp, line 72]
2014-08-02 03:01:35 Debug: Notice (8): Undefined index: memberData in [C:\wamp\www\chms\app\views\layouts\dashboard_layout.ctp, line 86]
2014-08-02 04:05:12 Debug: Notice (8): Undefined index: user_links in [C:\wamp\www\chms\app\views\layouts\dashboard_layout.ctp, line 4]
2014-08-02 04:05:13 Debug: Notice (8): Undefined index: memberData in [C:\wamp\www\chms\app\views\layouts\dashboard_layout.ctp, line 72]
2014-08-02 04:05:13 Debug: Notice (8): Undefined index: memberData in [C:\wamp\www\chms\app\views\layouts\dashboard_layout.ctp, line 86]
2014-08-02 04:05:14 Debug: Notice (8): Undefined index: user_links in [C:\wamp\www\chms\app\views\layouts\dashboard_layout.ctp, line 4]
2014-08-02 04:05:15 Debug: Notice (8): Undefined index: memberData in [C:\wamp\www\chms\app\views\layouts\dashboard_layout.ctp, line 72]
2014-08-02 04:05:15 Debug: Notice (8): Undefined index: memberData in [C:\wamp\www\chms\app\views\layouts\dashboard_layout.ctp, line 86]
2014-08-22 16:03:25 Debug: Notice (8): Undefined variable: User in [C:\wamp\www\inventory_sys\app\views\user\add_user.ctp, line 40]
2014-08-22 18:04:31 Debug: Notice (8): Undefined variable: roles_user in [C:\wamp\www\inventory_sys\app\controllers\dashboard_controller.php, line 65]
2014-08-22 18:06:36 Debug: Notice (8): Undefined variable: roles_user in [C:\wamp\www\inventory_sys\app\controllers\dashboard_controller.php, line 65]
2014-08-22 18:17:14 Debug: Notice (8): Undefined variable: roles_user in [C:\wamp\www\inventory_sys\app\controllers\dashboard_controller.php, line 65]
2014-08-22 18:32:08 Debug: Notice (8): Undefined variable: roles_user in [C:\wamp\www\inventory_sys\app\controllers\dashboard_controller.php, line 65]
2014-08-22 18:37:48 Debug: Notice (8): Undefined variable: roles_user in [C:\wamp\www\inventory_sys\app\controllers\dashboard_controller.php, line 65]
2014-08-22 18:42:55 Debug: Notice (8): Undefined index: user_email in [C:\wamp\www\inventory_sys\app\models\user.php, line 72]
2014-08-22 18:43:00 Debug: Notice (8): Undefined index: user_email in [C:\wamp\www\inventory_sys\app\models\user.php, line 72]
2014-08-22 20:38:55 Debug: Notice (8): Undefined variable: roles_user in [C:\wamp\www\inventory_sys\app\controllers\dashboard_controller.php, line 65]
2014-08-22 20:39:47 Debug: Notice (8): Undefined variable: roles_user in [C:\wamp\www\inventory_sys\app\controllers\dashboard_controller.php, line 65]
2014-08-22 21:25:38 Debug: Notice (8): Undefined variable: roles_user in [C:\wamp\www\inventory_sys\app\controllers\dashboard_controller.php, line 65]
2014-08-22 21:30:18 Debug: Notice (8): Undefined variable: roles_user in [C:\wamp\www\inventory_sys\app\controllers\dashboard_controller.php, line 65]
2014-08-25 22:35:42 Debug: Notice (8): Undefined index: user_links in [C:\wamp\www\inventory_sys\app\views\layouts\dashboard_layout.ctp, line 4]
2014-08-25 22:35:42 Debug: Notice (8): Undefined index: memberData in [C:\wamp\www\inventory_sys\app\views\layouts\dashboard_layout.ctp, line 72]
2014-08-25 22:35:42 Debug: Notice (8): Undefined index: memberData in [C:\wamp\www\inventory_sys\app\views\layouts\dashboard_layout.ctp, line 86]
2014-08-25 22:35:43 Debug: Notice (8): Undefined index: user_links in [C:\wamp\www\inventory_sys\app\views\layouts\dashboard_layout.ctp, line 4]
2014-08-25 22:35:43 Debug: Notice (8): Undefined index: memberData in [C:\wamp\www\inventory_sys\app\views\layouts\dashboard_layout.ctp, line 72]
2014-08-25 22:35:43 Debug: Notice (8): Undefined index: memberData in [C:\wamp\www\inventory_sys\app\views\layouts\dashboard_layout.ctp, line 86]
2014-08-25 22:35:55 Debug: Notice (8): Undefined index: user_links in [C:\wamp\www\inventory_sys\app\views\layouts\dashboard_layout.ctp, line 4]
2014-08-25 22:35:55 Debug: Notice (8): Undefined index: memberData in [C:\wamp\www\inventory_sys\app\views\layouts\dashboard_layout.ctp, line 72]
2014-08-25 22:35:55 Debug: Notice (8): Undefined index: memberData in [C:\wamp\www\inventory_sys\app\views\layouts\dashboard_layout.ctp, line 86]
2014-08-25 22:35:56 Debug: Notice (8): Undefined index: user_links in [C:\wamp\www\inventory_sys\app\views\layouts\dashboard_layout.ctp, line 4]
2014-08-25 22:35:56 Debug: Notice (8): Undefined index: memberData in [C:\wamp\www\inventory_sys\app\views\layouts\dashboard_layout.ctp, line 72]
2014-08-25 22:35:56 Debug: Notice (8): Undefined index: memberData in [C:\wamp\www\inventory_sys\app\views\layouts\dashboard_layout.ctp, line 86]
2014-08-25 22:42:37 Debug: Notice (8): Undefined index: user_links in [C:\wamp\www\inventory_sys\app\views\layouts\dashboard_layout.ctp, line 4]
2014-08-25 22:42:37 Debug: Notice (8): Undefined index: memberData in [C:\wamp\www\inventory_sys\app\views\layouts\dashboard_layout.ctp, line 72]
2014-08-25 22:42:37 Debug: Notice (8): Undefined index: memberData in [C:\wamp\www\inventory_sys\app\views\layouts\dashboard_layout.ctp, line 86]
2014-08-25 22:42:39 Debug: Notice (8): Undefined index: user_links in [C:\wamp\www\inventory_sys\app\views\layouts\dashboard_layout.ctp, line 4]
2014-08-25 22:42:39 Debug: Notice (8): Undefined index: memberData in [C:\wamp\www\inventory_sys\app\views\layouts\dashboard_layout.ctp, line 72]
2014-08-25 22:42:39 Debug: Notice (8): Undefined index: memberData in [C:\wamp\www\inventory_sys\app\views\layouts\dashboard_layout.ctp, line 86]
2014-08-25 22:50:50 Debug: Notice (8): Undefined index: user_links in [C:\wamp\www\inventory_sys\app\views\layouts\dashboard_layout.ctp, line 4]
2014-08-25 22:50:50 Debug: Notice (8): Undefined index: memberData in [C:\wamp\www\inventory_sys\app\views\layouts\dashboard_layout.ctp, line 72]
2014-08-25 22:50:50 Debug: Notice (8): Undefined index: memberData in [C:\wamp\www\inventory_sys\app\views\layouts\dashboard_layout.ctp, line 86]
2014-08-25 22:50:52 Debug: Notice (8): Undefined index: user_links in [C:\wamp\www\inventory_sys\app\views\layouts\dashboard_layout.ctp, line 4]
2014-08-25 22:50:52 Debug: Notice (8): Undefined index: memberData in [C:\wamp\www\inventory_sys\app\views\layouts\dashboard_layout.ctp, line 72]
2014-08-25 22:50:52 Debug: Notice (8): Undefined index: memberData in [C:\wamp\www\inventory_sys\app\views\layouts\dashboard_layout.ctp, line 86]
2014-08-25 22:53:43 Debug: Notice (8): Undefined index: user_links in [C:\wamp\www\inventory_sys\app\views\layouts\dashboard_layout.ctp, line 4]
2014-08-25 22:53:43 Debug: Notice (8): Undefined index: memberData in [C:\wamp\www\inventory_sys\app\views\layouts\dashboard_layout.ctp, line 72]
2014-08-25 22:53:43 Debug: Notice (8): Undefined index: memberData in [C:\wamp\www\inventory_sys\app\views\layouts\dashboard_layout.ctp, line 86]
2014-08-25 22:53:44 Debug: Notice (8): Undefined index: user_links in [C:\wamp\www\inventory_sys\app\views\layouts\dashboard_layout.ctp, line 4]
2014-08-25 22:53:44 Debug: Notice (8): Undefined index: memberData in [C:\wamp\www\inventory_sys\app\views\layouts\dashboard_layout.ctp, line 72]
2014-08-25 22:53:45 Debug: Notice (8): Undefined index: memberData in [C:\wamp\www\inventory_sys\app\views\layouts\dashboard_layout.ctp, line 86]
2014-08-25 23:01:48 Debug: Notice (8): Undefined variable: roles_user in [C:\wamp\www\inventory_sys\app\controllers\dashboard_controller.php, line 65]
2014-08-25 23:21:16 Debug: Notice (8): Undefined variable: roles_user in [C:\wamp\www\inventory_sys\app\controllers\dashboard_controller.php, line 65]
2014-08-25 23:21:30 Debug: Notice (8): Undefined variable: roles_user in [C:\wamp\www\inventory_sys\app\controllers\dashboard_controller.php, line 65]
2014-08-25 23:24:08 Debug: Notice (8): Undefined variable: roles_user in [C:\wamp\www\inventory_sys\app\controllers\dashboard_controller.php, line 65]
2014-08-26 01:36:35 Debug: Notice (8): Undefined property: CustomerController::$Sesssion in [C:\wamp\www\inventory_sys\app\controllers\customer_controller.php, line 177]
2014-08-26 04:29:20 Debug: Notice (8): Undefined property: CustomerController::$Product in [C:\wamp\www\inventory_sys\app\controllers\customer_controller.php, line 184]
2014-08-26 05:39:53 Debug: Notice (8): Undefined variable: prods in [C:\wamp\www\inventory_sys\app\views\customer\product_list.ctp, line 28]
2014-08-26 05:40:53 Debug: Notice (8): Undefined index: category in [C:\wamp\www\inventory_sys\app\views\customer\product_list.ctp, line 43]
2014-08-26 05:40:53 Debug: Notice (8): Undefined index: Category in [C:\wamp\www\inventory_sys\app\views\customer\product_list.ctp, line 47]
2014-08-26 05:40:53 Debug: Notice (8): Undefined index: Category in [C:\wamp\www\inventory_sys\app\views\customer\product_list.ctp, line 51]
2014-08-26 05:41:22 Debug: Notice (8): Undefined index: Category in [C:\wamp\www\inventory_sys\app\views\customer\product_list.ctp, line 47]
2014-08-26 05:41:22 Debug: Notice (8): Undefined index: Category in [C:\wamp\www\inventory_sys\app\views\customer\product_list.ctp, line 51]
2014-08-26 05:41:39 Debug: Notice (8): Undefined index: Category in [C:\wamp\www\inventory_sys\app\views\customer\product_list.ctp, line 51]
2014-08-26 05:53:26 Debug: Notice (8): Undefined index: category in [C:\wamp\www\inventory_sys\app\views\customer\add_product.ctp, line 44]
2014-08-26 05:55:57 Debug: Notice (8): Undefined variable: cat in [C:\wamp\www\inventory_sys\app\views\customer\add_product.ctp, line 61]
2014-08-28 00:57:05 Debug: Notice (8): Undefined index: pageCount in [C:\wamp\www\inventory_sys\cake\libs\view\helpers\paginator.php, line 731]
2014-08-28 00:57:05 Debug: Notice (8): Undefined index: pageCount in [C:\wamp\www\inventory_sys\cake\libs\view\helpers\paginator.php, line 785]
2014-08-28 00:57:58 Debug: Notice (8): Undefined variable: members in [C:\wamp\www\inventory_sys\app\views\customer\customer_list.ctp, line 33]
2014-08-28 01:34:14 Debug: Notice (8): Undefined variable: sites in [C:\wamp\www\inventory_sys\app\views\customer\edit_stock.ctp, line 71]
2014-08-28 01:35:01 Debug: Notice (8): Undefined variable: sites in [C:\wamp\www\inventory_sys\app\views\customer\edit_stock.ctp, line 62]
2014-08-28 01:35:35 Debug: Notice (8): Undefined variable: sites in [C:\wamp\www\inventory_sys\app\views\customer\edit_stock.ctp, line 62]
2014-08-28 01:37:02 Debug: Notice (8): Undefined variable: sites in [C:\wamp\www\inventory_sys\app\views\customer\edit_stock.ctp, line 62]
2014-08-28 01:37:20 Debug: Notice (8): Undefined variable: sites in [C:\wamp\www\inventory_sys\app\views\customer\edit_stock.ctp, line 62]
2014-08-28 01:55:24 Debug: Notice (8): Undefined index: quantity_available in [C:\wamp\www\inventory_sys\app\views\customer\edit_stock.ctp, line 31]
2014-08-28 02:07:04 Debug: Notice (8): Undefined index: ProductTransaction in [C:\wamp\www\inventory_sys\app\controllers\customer_controller.php, line 223]
2014-08-28 02:07:41 Debug: Notice (8): Undefined index: sale in [C:\wamp\www\inventory_sys\app\controllers\customer_controller.php, line 224]
2014-08-28 02:07:41 Debug: Notice (8): Undefined index: removals in [C:\wamp\www\inventory_sys\app\controllers\customer_controller.php, line 224]
2014-08-28 03:56:19 Debug: Notice (8): Undefined variable: val in [C:\wamp\www\inventory_sys\app\views\customer\edit_stock.ctp, line 48]
2014-08-28 03:57:17 Debug: Notice (8): Undefined variable: val in [C:\wamp\www\inventory_sys\app\views\customer\edit_stock.ctp, line 48]
2014-08-28 18:34:43 Debug: Notice (8): Undefined index: stock_available in [C:\wamp\www\inventory_sys\app\views\customer\transaction_history.ctp, line 61]
2014-08-28 18:45:58 Debug: Notice (8): Undefined offset: 0 in [C:\wamp\www\inventory_sys\cake\basics.php, line 240]
2014-08-28 18:45:58 Debug: Notice (8): Undefined offset: 1 in [C:\wamp\www\inventory_sys\cake\libs\model\model.php, line 619]
2014-08-28 18:47:27 Debug: Notice (8): Undefined offset: 0 in [C:\wamp\www\inventory_sys\cake\basics.php, line 240]
2014-08-28 18:47:27 Debug: Notice (8): Undefined offset: 1 in [C:\wamp\www\inventory_sys\cake\libs\model\model.php, line 619]
2014-08-28 18:52:51 Debug: Notice (8): Undefined offset: 0 in [C:\wamp\www\inventory_sys\cake\basics.php, line 240]
2014-08-28 18:52:52 Debug: Notice (8): Undefined offset: 1 in [C:\wamp\www\inventory_sys\cake\libs\model\model.php, line 619]
2014-08-28 19:01:36 Debug: Notice (8): A non well formed numeric value encountered in [C:\wamp\www\inventory_sys\app\views\customer\transaction_history.ctp, line 57]
2014-08-28 19:02:14 Debug: Notice (8): A non well formed numeric value encountered in [C:\wamp\www\inventory_sys\app\views\customer\transaction_history.ctp, line 57]
2014-08-28 19:02:59 Debug: Notice (8): A non well formed numeric value encountered in [C:\wamp\www\inventory_sys\app\views\customer\transaction_history.ctp, line 57]
2014-08-28 19:05:20 Debug: Notice (8): A non well formed numeric value encountered in [C:\wamp\www\inventory_sys\app\views\customer\transaction_history.ctp, line 57]
2014-08-28 19:05:33 Debug: Notice (8): A non well formed numeric value encountered in [C:\wamp\www\inventory_sys\app\views\customer\transaction_history.ctp, line 57]
2014-08-28 19:06:28 Debug: Notice (8): A non well formed numeric value encountered in [C:\wamp\www\inventory_sys\app\views\customer\transaction_history.ctp, line 57]
2014-08-28 19:07:01 Debug: Notice (8): A non well formed numeric value encountered in [C:\wamp\www\inventory_sys\app\views\customer\transaction_history.ctp, line 57]
2014-08-28 19:24:24 Debug: Notice (8): Undefined index: cost_price in [C:\wamp\www\inventory_sys\app\controllers\customer_controller.php, line 222]
2014-09-11 09:46:15 Debug: Notice (8): Undefined variable: roles_user in [C:\wamp\www\inventory_sys\app\controllers\dashboard_controller.php, line 65]
2015-04-25 00:18:01 Debug: Notice (8): Undefined index: data in [C:\wamp\www\inventory_sys\app\controllers\customer_controller.php, line 204]
2015-04-27 04:04:37 Debug: Notice (8): Use of undefined constant products - assumed 'products' in [C:\wamp\www\inventory_sys\app\views\customer\add_sales.ctp, line 16]
2015-04-27 04:54:56 Debug: Notice (8): Undefined index: parent_id in [C:\wamp\www\inventory_sys\cake\libs\model\model.php, line 2303]
2015-04-27 23:52:26 Debug: Notice (8): Undefined index: products in [C:\wamp\www\inventory_sys\app\views\customer\add_sales.ctp, line 65]
2015-04-27 23:53:02 Debug: Notice (8): Undefined index: products in [C:\wamp\www\inventory_sys\app\views\customer\add_sales.ctp, line 65]
2015-04-27 23:54:47 Debug: Notice (8): Undefined index: product in [C:\wamp\www\inventory_sys\app\views\customer\add_sales.ctp, line 16]
2015-04-27 23:54:47 Debug: Notice (8): Undefined index: products in [C:\wamp\www\inventory_sys\app\views\customer\add_sales.ctp, line 65]
2015-04-27 23:55:13 Debug: Notice (8): Undefined index: products in [C:\wamp\www\inventory_sys\app\views\customer\add_sales.ctp, line 65]
2015-04-27 23:59:34 Debug: Notice (8): Undefined index: products in [C:\wamp\www\inventory_sys\app\views\customer\add_sales.ctp, line 65]
2015-04-28 00:01:10 Debug: Notice (8): Undefined index: products in [C:\wamp\www\inventory_sys\app\views\customer\add_sales.ctp, line 65]
2015-04-28 00:02:33 Debug: Notice (8): Undefined index: products in [C:\wamp\www\inventory_sys\app\views\customer\add_sales.ctp, line 65]
2015-04-28 00:03:43 Debug: Notice (8): Undefined index: products in [C:\wamp\www\inventory_sys\app\views\customer\add_sales.ctp, line 65]
2015-04-28 00:04:43 Debug: Notice (8): Undefined index: products in [C:\wamp\www\inventory_sys\app\views\customer\add_sales.ctp, line 65]
2015-04-28 00:06:00 Debug: Notice (8): Undefined index: products in [C:\wamp\www\inventory_sys\app\views\customer\add_sales.ctp, line 65]
2015-04-28 00:10:47 Debug: Notice (8): Undefined index: products in [C:\wamp\www\inventory_sys\app\views\customer\add_sales.ctp, line 66]
2015-04-28 00:11:34 Debug: Notice (8): Undefined index: products in [C:\wamp\www\inventory_sys\app\views\customer\add_sales.ctp, line 66]
2015-04-28 00:14:38 Debug: Notice (8): Undefined index: products in [C:\wamp\www\inventory_sys\app\views\customer\add_sales.ctp, line 66]
2015-04-28 00:19:11 Debug: Notice (8): Undefined index: products in [C:\wamp\www\inventory_sys\app\views\customer\add_sales.ctp, line 66]
2015-04-28 00:21:59 Debug: Notice (8): Undefined index: products in [C:\wamp\www\inventory_sys\app\views\customer\add_sales.ctp, line 65]
2015-04-28 00:24:01 Debug: Notice (8): Undefined index: products in [C:\wamp\www\inventory_sys\app\views\customer\add_sales.ctp, line 71]
2015-04-28 00:25:41 Debug: Notice (8): Undefined index: products in [C:\wamp\www\inventory_sys\app\views\customer\add_sales.ctp, line 65]
2015-04-28 00:25:41 Debug: Notice (8): Undefined index: products in [C:\wamp\www\inventory_sys\app\views\customer\add_sales.ctp, line 92]
2015-04-28 00:26:30 Debug: Notice (8): Undefined index: products in [C:\wamp\www\inventory_sys\app\views\customer\add_sales.ctp, line 65]
2015-04-28 00:26:30 Debug: Notice (8): Undefined index: products in [C:\wamp\www\inventory_sys\app\views\customer\add_sales.ctp, line 92]
2015-04-28 00:31:44 Debug: Notice (8): Undefined index: products in [C:\wamp\www\inventory_sys\app\views\customer\add_sales.ctp, line 65]
2015-04-28 00:31:44 Debug: Notice (8): Undefined index: products in [C:\wamp\www\inventory_sys\app\views\customer\add_sales.ctp, line 92]
2015-04-28 00:33:15 Debug: Notice (8): Undefined index: products in [C:\wamp\www\inventory_sys\app\views\customer\add_sales.ctp, line 66]
2015-04-28 00:33:15 Debug: Notice (8): Undefined index: products in [C:\wamp\www\inventory_sys\app\views\customer\add_sales.ctp, line 93]
2015-04-28 00:40:42 Debug: Notice (8): Undefined index: products in [C:\wamp\www\inventory_sys\app\views\customer\add_sales.ctp, line 97]
2015-04-28 00:43:03 Debug: Notice (8): Undefined index: products in [C:\wamp\www\inventory_sys\app\views\customer\add_sales.ctp, line 97]
2015-04-28 00:43:24 Debug: Notice (8): Undefined index: products in [C:\wamp\www\inventory_sys\app\views\customer\add_sales.ctp, line 98]
2015-04-28 00:43:38 Debug: Notice (8): Undefined index: products in [C:\wamp\www\inventory_sys\app\views\customer\add_sales.ctp, line 98]
2015-04-28 00:45:39 Debug: Notice (8): Undefined index: products in [C:\wamp\www\inventory_sys\app\views\customer\add_sales.ctp, line 98]
2015-04-28 00:45:55 Debug: Notice (8): Undefined index: products in [C:\wamp\www\inventory_sys\app\views\customer\add_sales.ctp, line 98]
2015-04-28 02:26:26 Debug: Notice (8): Undefined index: selling_price in [C:\wamp\www\inventory_sys\app\views\customer\add_sales.ctp, line 57]
